
   _            _                 
  /_\  _ __ ___| |__   ___  _ __  
 //_\\| '__/ __| '_ \ / _ \| '_ \ 
/  _  \ | | (__| | | | (_) | | | |
\_/ \_/_|  \___|_| |_|\___/|_| |_|

 v0.3.0    https://github.com/frenzymath/Archon  ───────────────────────────────

┌───────────┬──────────────────────────────────────────────────────────────────┐
│  Project  │  /Users/axeldelaval/Documents/Laboratoire/Professionnel/PKU-In…  │
│  Port     │  8080                                                            │
│  Mode     │  production                                                      │
└───────────┴──────────────────────────────────────────────────────────────────┘
[ARCHON] ✓ Node.js v26.0.0
[ARCHON] ✓ Client up to date
Archon UI → http://127.0.0.1:8080  (project: /Users/axeldelaval/Documents/Laboratoire/Professionnel/PKU-Internship/LeanAG/SubProjects/RelatedPapersFormalisation/MR4276287-mordell-lang-curves)
(node:55917) [DEP0205] DeprecationWarning: `module.register()` is deprecated. Use `module.registerHooks()` instead.
(Use `node --trace-deprecation ...` to show where the warning was created)

Archon Dashboard ───────────────────────────────────────────────────────────────
┌─────────────┬────────────────────────────────────────────────────────────────┐
│  Dashboard  │  http://127.0.0.1:8080                                         │
│  Overview   │  http://127.0.0.1:8080/                                        │
│  Logs       │  http://127.0.0.1:8080/logs                                    │
│  Journal    │  http://127.0.0.1:8080/journal                                 │
│  Project    │  /Users/axeldelaval/Documents/Laboratoire/Professionnel/PKU-…  │
│  PID        │  55917                                                         │
│  PID file   │  /Users/axeldelaval/Documents/Laboratoire/Professionnel/PKU-…  │
└─────────────┴────────────────────────────────────────────────────────────────┘
[ARCHON] › Stop:  kill 55917  (or: kill $(cat 
/Users/axeldelaval/Documents/Laboratoire/Professionnel/PKU-Internship/Archon/src
/archon/ui/.archon-ui/1053f739bc211dfd-8080.pid))

[archon-ui] Received SIGTERM, closing server…
[ARCHON] Dashboard stopped
