
   _            _                 
  /_\  _ __ ___| |__   ___  _ __  
 //_\\| '__/ __| '_ \ / _ \| '_ \ 
/  _  \ | | (__| | | | (_) | | | |
\_/ \_/_|  \___|_| |_|\___/|_| |_|

 v0.3.0    https://github.com/frenzymath/Archon  ────────────────────────────────────────────────────────────────

┌───────────┬───────────────────────────────────────────────────────────────────────────────────────────────────┐
│  Project  │  /Users/axeldelaval/Documents/Laboratoire/Professionnel/PKU-Internship/LeanAG/SubProjects/Relat…  │
│  Port     │  8082                                                                                             │
│  Mode     │  production                                                                                       │
└───────────┴───────────────────────────────────────────────────────────────────────────────────────────────────┘
[ARCHON] ✓ Node.js v26.0.0
[ARCHON] ✓ Client up to date
Archon UI → http://127.0.0.1:8082  (project: /Users/axeldelaval/Documents/Laboratoire/Professionnel/PKU-Internship/LeanAG/SubProjects/RelatedPapersFormalisation/MR4372220-anticyclotomic-iwasawa)
(node:66341) [DEP0205] DeprecationWarning: `module.register()` is deprecated. Use `module.registerHooks()` instead.
(Use `node --trace-deprecation ...` to show where the warning was created)

Archon Dashboard ────────────────────────────────────────────────────────────────────────────────────────────────
┌─────────────┬─────────────────────────────────────────────────────────────────────────────────────────────────┐
│  Dashboard  │  http://127.0.0.1:8082                                                                          │
│  Overview   │  http://127.0.0.1:8082/                                                                         │
│  Logs       │  http://127.0.0.1:8082/logs                                                                     │
│  Journal    │  http://127.0.0.1:8082/journal                                                                  │
│  Project    │  /Users/axeldelaval/Documents/Laboratoire/Professionnel/PKU-Internship/LeanAG/SubProjects/Rel…  │
│  PID        │  66341                                                                                          │
│  PID file   │  /Users/axeldelaval/Documents/Laboratoire/Professionnel/PKU-Internship/Archon/src/archon/ui/.…  │
└─────────────┴─────────────────────────────────────────────────────────────────────────────────────────────────┘
[ARCHON] › Stop:  kill 66341  (or: kill $(cat 
/Users/axeldelaval/Documents/Laboratoire/Professionnel/PKU-Internship/Archon/src/archon/ui/.archon-ui/796fbeb7f61
57704-8082.pid))

[archon-ui] Received SIGTERM, closing server…
[ARCHON] Dashboard stopped

   _            _                 
  /_\  _ __ ___| |__   ___  _ __  
 //_\\| '__/ __| '_ \ / _ \| '_ \ 
/  _  \ | | (__| | | | (_) | | | |
\_/ \_/_|  \___|_| |_|\___/|_| |_|

 v0.3.0    https://github.com/frenzymath/Archon  ─────────────────────────────────────────────────────────────────

┌───────────┬────────────────────────────────────────────────────────────────────────────────────────────────────┐
│  Project  │  /Users/axeldelaval/Documents/Laboratoire/Professionnel/PKU-Internship/LeanAG/SubProjects/Relate…  │
│  Port     │  8081                                                                                              │
│  Mode     │  production                                                                                        │
└───────────┴────────────────────────────────────────────────────────────────────────────────────────────────────┘
[ARCHON] ✓ Node.js v26.0.0
[ARCHON] ✓ Client up to date
Archon UI → http://127.0.0.1:8081  (project: /Users/axeldelaval/Documents/Laboratoire/Professionnel/PKU-Internship/LeanAG/SubProjects/RelatedPapersFormalisation/MR4372220-anticyclotomic-iwasawa)
(node:60415) [DEP0205] DeprecationWarning: `module.register()` is deprecated. Use `module.registerHooks()` instead.
(Use `node --trace-deprecation ...` to show where the warning was created)
Error: listen EADDRINUSE: address already in use :::8081
    at Server.setupListenHandle [as _listen2] (node:net:2008:16)
    at listenInCluster (node:net:2065:12)
    at node:net:2274:7
    at process.processTicksAndRejections (node:internal/process/task_queues:90:21) {
  code: 'EADDRINUSE',
  errno: -48,
  syscall: 'listen',
  address: '::',
  port: 8081
}
[ARCHON] ⚠ Port 8081 was taken (likely by a parallel dashboard). Trying the next port…
Archon UI → http://127.0.0.1:8082  (project: /Users/axeldelaval/Documents/Laboratoire/Professionnel/PKU-Internship/LeanAG/SubProjects/RelatedPapersFormalisation/MR4372220-anticyclotomic-iwasawa)
(node:60854) [DEP0205] DeprecationWarning: `module.register()` is deprecated. Use `module.registerHooks()` instead.
(Use `node --trace-deprecation ...` to show where the warning was created)

Archon Dashboard ─────────────────────────────────────────────────────────────────────────────────────────────────
┌─────────────┬──────────────────────────────────────────────────────────────────────────────────────────────────┐
│  Dashboard  │  http://127.0.0.1:8082                                                                           │
│  Overview   │  http://127.0.0.1:8082/                                                                          │
│  Logs       │  http://127.0.0.1:8082/logs                                                                      │
│  Journal    │  http://127.0.0.1:8082/journal                                                                   │
│  Project    │  /Users/axeldelaval/Documents/Laboratoire/Professionnel/PKU-Internship/LeanAG/SubProjects/Rela…  │
│  PID        │  60854                                                                                           │
│  PID file   │  /Users/axeldelaval/Documents/Laboratoire/Professionnel/PKU-Internship/Archon/src/archon/ui/.a…  │
└─────────────┴──────────────────────────────────────────────────────────────────────────────────────────────────┘
[ARCHON] › Stop:  kill 60854  (or: kill $(cat 
/Users/axeldelaval/Documents/Laboratoire/Professionnel/PKU-Internship/Archon/src/archon/ui/.archon-ui/796fbeb7f615
7704-8082.pid))

[archon-ui] Received SIGTERM, closing server…
[ARCHON] Dashboard stopped
