\BOOKMARK [0][-]{chapter.1}{\376\377\000S\000h\000e\000a\000f\000\040\000c\000o\000n\000d\000i\000t\000i\000o\000n\000\040\000a\000l\000o\000n\000g\000\040\000t\000h\000e\000\040\000s\000t\000r\000u\000c\000t\000u\000r\000e\000-\000s\000h\000e\000a\000f\000\040\000f\000o\000r\000g\000e\000t\000\040\000c\000o\000m\000p\000o\000s\000i\000t\000e}{}% 1
\BOOKMARK [1][-]{section.1.1}{\376\377\000S\000t\000a\000t\000e\000m\000e\000n\000t}{chapter.1}% 2
\BOOKMARK [1][-]{section.1.2}{\376\377\000U\000s\000e\000\040\000i\000n\000\040\000t\000h\000e\000\040\000p\000r\000o\000j\000e\000c\000t}{chapter.1}% 3
\BOOKMARK [0][-]{chapter.2}{\376\377\000S\000t\000r\000u\000c\000t\000u\000r\000e\000\040\000s\000h\000e\000a\000f\000\040\000a\000s\000\040\000a\000\040\000s\000h\000e\000a\000f\000\040\000o\000f\000\040\000a\000b\000e\000l\000i\000a\000n\000\040\000g\000r\000o\000u\000p\000s\000,\000\040\000s\000h\000e\000a\000f\000i\000f\000i\000c\000a\000t\000i\000o\000n\000\040\000a\000n\000d\000\040\000E\000x\000t}{}% 4
\BOOKMARK [1][-]{section.2.1}{\376\377\000S\000h\000e\000a\000f\000i\000f\000i\000c\000a\000t\000i\000o\000n\000\040\000o\000f\000\040\000a\000b\000e\000l\000i\000a\000n\000-\000g\000r\000o\000u\000p\000-\000v\000a\000l\000u\000e\000d\000\040\000s\000h\000e\000a\000v\000e\000s\000\040\000o\000n\000\040\000o\000p\000e\000n\000s}{chapter.2}% 5
\BOOKMARK [1][-]{section.2.2}{\376\377\000E\000x\000t\000\040\000f\000o\000r\000\040\000s\000h\000e\000a\000v\000e\000s\000\040\000o\000n\000\040\000o\000p\000e\000n\000s}{chapter.2}% 6
\BOOKMARK [1][-]{section.2.3}{\376\377\000S\000t\000r\000u\000c\000t\000u\000r\000e\000\040\000s\000h\000e\000a\000f\000\040\000a\000s\000\040\000a\000\040\000s\000h\000e\000a\000f\000\040\000o\000f\000\040\000a\000b\000e\000l\000i\000a\000n\000\040\000g\000r\000o\000u\000p\000s}{chapter.2}% 7
\BOOKMARK [1][-]{section.2.4}{\376\377\000U\000s\000e\000\040\000i\000n\000\040\000t\000h\000e\000\040\000p\000r\000o\000j\000e\000c\000t}{chapter.2}% 8
\BOOKMARK [0][-]{chapter.3}{\376\377\000S\000h\000e\000a\000v\000e\000s\000\040\000o\000f\000\040\000k\000-\000m\000o\000d\000u\000l\000e\000s\000:\000\040\000s\000h\000e\000a\000f\000i\000f\000i\000c\000a\000t\000i\000o\000n\000,\000\040\000E\000x\000t\000,\000\040\000a\000n\000d\000\040\000t\000h\000e\000\040\000s\000t\000r\000u\000c\000t\000u\000r\000e\000\040\000s\000h\000e\000a\000f\000\040\000a\000s\000\040\000a\000\040\000s\000h\000e\000a\000f\000\040\000o\000f\000\040\000k\000-\000m\000o\000d\000u\000l\000e\000s}{}% 9
\BOOKMARK [1][-]{section.3.1}{\376\377\000S\000h\000e\000a\000f\000i\000f\000i\000c\000a\000t\000i\000o\000n\000\040\000o\000f\000\040\000k\000-\000m\000o\000d\000u\000l\000e\000-\000v\000a\000l\000u\000e\000d\000\040\000s\000h\000e\000a\000v\000e\000s\000\040\000o\000n\000\040\000o\000p\000e\000n\000s}{chapter.3}% 10
\BOOKMARK [1][-]{section.3.2}{\376\377\000E\000x\000t\000\040\000f\000o\000r\000\040\000k\000-\000m\000o\000d\000u\000l\000e\000-\000v\000a\000l\000u\000e\000d\000\040\000s\000h\000e\000a\000v\000e\000s\000\040\000o\000n\000\040\000o\000p\000e\000n\000s}{chapter.3}% 11
\BOOKMARK [1][-]{section.3.3}{\376\377\000T\000h\000e\000\040\000s\000t\000r\000u\000c\000t\000u\000r\000e\000\040\000s\000h\000e\000a\000f\000\040\000o\000f\000\040\000a\000\040\000S\000p\000e\000c\000\040\000k\000-\000s\000c\000h\000e\000m\000e\000\040\000a\000s\000\040\000a\000\040\000s\000h\000e\000a\000f\000\040\000o\000f\000\040\000k\000-\000m\000o\000d\000u\000l\000e\000s}{chapter.3}% 12
\BOOKMARK [2][-]{subsection.3.3.1}{\376\377\000T\000h\000e\000\040\000a\000l\000g\000e\000b\000r\000a\000\040\000m\000a\000p\000\040\000f\000r\000o\000m\000\040\000t\000h\000e\000\040\000s\000t\000r\000u\000c\000t\000u\000r\000e\000\040\000m\000o\000r\000p\000h\000i\000s\000m}{section.3.3}% 13
\BOOKMARK [2][-]{subsection.3.3.2}{\376\377\000N\000a\000t\000u\000r\000a\000l\000i\000t\000y\000\040\000o\000f\000\040\000t\000h\000e\000\040\000a\000l\000g\000e\000b\000r\000a\000\040\000m\000a\000p}{section.3.3}% 14
\BOOKMARK [2][-]{subsection.3.3.3}{\376\377\000T\000h\000e\000\040\000p\000r\000e\000s\000h\000e\000a\000f\000\040\000o\000f\000\040\000k\000-\000m\000o\000d\000u\000l\000e\000s\000\040\000a\000n\000d\000\040\000i\000t\000s\000\040\000s\000h\000e\000a\000f\000\040\000c\000o\000n\000d\000i\000t\000i\000o\000n}{section.3.3}% 15
\BOOKMARK [2][-]{subsection.3.3.4}{\376\377\000T\000h\000e\000\040\000s\000t\000r\000u\000c\000t\000u\000r\000e\000\040\000s\000h\000e\000a\000f\000\040\000a\000s\000\040\000a\000\040\000s\000h\000e\000a\000f\000\040\000o\000f\000\040\000k\000-\000m\000o\000d\000u\000l\000e\000s}{section.3.3}% 16
\BOOKMARK [2][-]{subsection.3.3.5}{\376\377\000F\000o\000r\000g\000e\000t\000-\000a\000n\000d\000-\000r\000e\000c\000o\000v\000e\000r\000:\000\040\000b\000r\000i\000d\000g\000i\000n\000g\000\040\000k\000-\000m\000o\000d\000u\000l\000e\000\040\000a\000n\000d\000\040\000a\000b\000e\000l\000i\000a\000n\000-\000g\000r\000o\000u\000p\000\040\000v\000a\000l\000u\000e\000s}{section.3.3}% 17
\BOOKMARK [1][-]{section.3.4}{\376\377\000S\000h\000e\000a\000f\000\040\000c\000o\000h\000o\000m\000o\000l\000o\000g\000y\000\040\000w\000i\000t\000h\000\040\000k\000-\000m\000o\000d\000u\000l\000e\000\040\000c\000o\000e\000f\000f\000i\000c\000i\000e\000n\000t\000s}{chapter.3}% 18
\BOOKMARK [1][-]{section.3.5}{\376\377\000T\000h\000e\000\040\000H\0000\000\040\000a\000l\000g\000e\000b\000r\000a\000i\000c\000\040\000b\000r\000i\000d\000g\000e}{chapter.3}% 19
\BOOKMARK [1][-]{section.3.6}{\376\377\001\014\000e\000c\000h\000\040\000c\000o\000h\000o\000m\000o\000l\000o\000g\000y\000\040\000o\000f\000\040\000t\000h\000e\000\040\000s\000t\000r\000u\000c\000t\000u\000r\000e\000\040\000s\000h\000e\000a\000f}{chapter.3}% 20
\BOOKMARK [1][-]{section.3.7}{\376\377\000C\000o\000h\000o\000m\000o\000l\000o\000g\000y\000\040\000o\000f\000\040\000a\000n\000\040\000o\000p\000e\000n\000\040\000i\000n\000\040\000k\000-\000m\000o\000d\000u\000l\000e\000\040\000f\000l\000a\000v\000o\000r}{chapter.3}% 21
\BOOKMARK [1][-]{section.3.8}{\376\377\000T\000h\000e\000\040\000H\0000\000\040\000a\000l\000g\000e\000b\000r\000a\000i\000c\000\040\000b\000r\000i\000d\000g\000e\000\040\000f\000o\000r\000\040\000c\000o\000h\000o\000m\000o\000l\000o\000g\000y\000\040\000o\000f\000\040\000a\000n\000\040\000o\000p\000e\000n}{chapter.3}% 22
\BOOKMARK [1][-]{section.3.9}{\376\377\000k\000-\000f\000i\000n\000i\000t\000e\000\040\000t\000r\000a\000n\000s\000p\000o\000r\000t\000\040\000c\000o\000m\000p\000a\000n\000i\000o\000n\000s\000\040\000f\000o\000r\000\040\000t\000h\000e\000\040\000H\0000\000\040\000b\000r\000i\000d\000g\000e\000s}{chapter.3}% 23
\BOOKMARK [1][-]{section.3.10}{\376\377\000C\000u\000r\000v\000e\000\040\000s\000p\000e\000c\000i\000a\000l\000i\000s\000a\000t\000i\000o\000n\000s\000\040\000o\000f\000\040\000t\000h\000e\000\040\000H\0000\000\040\000f\000i\000n\000i\000t\000e\000-\000d\000i\000m\000e\000n\000s\000i\000o\000n\000a\000l\000i\000t\000y\000\040\000t\000r\000a\000n\000s\000p\000o\000r\000t\000s}{chapter.3}% 24
\BOOKMARK [1][-]{section.3.11}{\376\377\000A\000f\000f\000i\000n\000e\000\040\000c\000o\000h\000o\000m\000o\000l\000o\000g\000y\000\040\000v\000a\000n\000i\000s\000h\000i\000n\000g\000\040\000c\000a\000r\000r\000i\000e\000r\000\040\000p\000r\000e\000d\000i\000c\000a\000t\000e}{chapter.3}% 25
\BOOKMARK [1][-]{section.3.12}{\376\377\000W\000h\000o\000l\000e\000s\000p\000a\000c\000e\000\040\000H\0000\000\040\000H\000o\000m\000-\000f\000i\000n\000i\000t\000e\000n\000e\000s\000s\000\040\000c\000a\000r\000r\000i\000e\000r}{chapter.3}% 26
\BOOKMARK [1][-]{section.3.13}{\376\377\000S\000t\000e\000i\000n\000\040\000f\000i\000n\000i\000t\000e\000n\000e\000s\000s\000\040\000o\000f\000\040\000g\000l\000o\000b\000a\000l\000\040\000s\000e\000c\000t\000i\000o\000n\000s}{chapter.3}% 27
\BOOKMARK [1][-]{section.3.14}{\376\377\000G\000l\000o\000b\000a\000l\000-\000s\000e\000c\000t\000i\000o\000n\000s\000\040\000e\000v\000a\000l\000u\000a\000t\000i\000o\000n\000\040\000i\000s\000o\000m\000o\000r\000p\000h\000i\000s\000m}{chapter.3}% 28
\BOOKMARK [1][-]{section.3.15}{\376\377\000P\000r\000o\000d\000u\000c\000e\000r\000\040\000i\000n\000s\000t\000a\000n\000c\000e\000\040\000f\000o\000r\000\040\000w\000h\000o\000l\000e\000s\000p\000a\000c\000e\000\040\000H\000o\000m\000-\000f\000i\000n\000i\000t\000e\000n\000e\000s\000s}{chapter.3}% 29
\BOOKMARK [1][-]{section.3.16}{\376\377\000F\000o\000u\000n\000d\000a\000t\000i\000o\000n\000a\000l\000\040\000p\000a\000r\000a\000m\000e\000t\000e\000r\000i\000s\000e\000d\000\040\001\014\000e\000c\000h\000\040\000i\000n\000f\000r\000a\000s\000t\000r\000u\000c\000t\000u\000r\000e}{chapter.3}% 30
\BOOKMARK [1][-]{section.3.17}{\376\377\001\014\000e\000c\000h\000-\000s\000i\000d\000e\000\040\000a\000c\000y\000c\000l\000i\000c\000i\000t\000y\000\040\000c\000a\000r\000r\000i\000e\000r}{chapter.3}% 31
\BOOKMARK [1][-]{section.3.18}{\376\377\000U\000s\000e\000\040\000i\000n\000\040\000t\000h\000e\000\040\000p\000r\000o\000j\000e\000c\000t}{chapter.3}% 32
\BOOKMARK [0][-]{chapter.4}{\376\377\000M\000a\000y\000e\000r\040\023\000V\000i\000e\000t\000o\000r\000i\000s\000\040\000l\000o\000n\000g\000\040\000e\000x\000a\000c\000t\000\040\000s\000e\000q\000u\000e\000n\000c\000e\000\040\000f\000o\000r\000\040\000s\000h\000e\000a\000f\000\040\000c\000o\000h\000o\000m\000o\000l\000o\000g\000y\000\040\000w\000i\000t\000h\000\040\000k\000-\000m\000o\000d\000u\000l\000e\000\040\000c\000o\000e\000f\000f\000i\000c\000i\000e\000n\000t\000s}{}% 33
\BOOKMARK [1][-]{section.4.1}{\376\377\000F\000u\000n\000c\000t\000o\000r\000i\000a\000l\000i\000t\000y\000\040\000o\000f\000\040\000c\000o\000h\000o\000m\000o\000l\000o\000g\000y\000\040\000i\000n\000\040\000t\000h\000e\000\040\000o\000p\000e\000n\000\040\000v\000a\000r\000i\000a\000b\000l\000e}{chapter.4}% 34
\BOOKMARK [1][-]{section.4.2}{\376\377\000M\000a\000y\000e\000r\040\023\000V\000i\000e\000t\000o\000r\000i\000s\000\040\000l\000o\000n\000g\000\040\000e\000x\000a\000c\000t\000\040\000s\000e\000q\000u\000e\000n\000c\000e}{chapter.4}% 35
\BOOKMARK [2][-]{subsection.4.2.1}{\376\377\000T\000h\000e\000\040\000r\000e\000s\000t\000r\000i\000c\000t\000i\000o\000n\000\040\000m\000a\000p\000s}{section.4.2}% 36
\BOOKMARK [2][-]{subsection.4.2.2}{\376\377\000T\000h\000e\000\040\000s\000h\000o\000r\000t\000\040\000e\000x\000a\000c\000t\000\040\000s\000e\000q\000u\000e\000n\000c\000e\000\040\000o\000f\000\040\000s\000h\000e\000a\000v\000e\000s}{section.4.2}% 37
\BOOKMARK [2][-]{subsection.4.2.3}{\376\377\000T\000h\000e\000\040\000c\000o\000n\000n\000e\000c\000t\000i\000n\000g\000\040\000h\000o\000m\000o\000m\000o\000r\000p\000h\000i\000s\000m\000\040\000a\000n\000d\000\040\000t\000h\000e\000\040\000l\000o\000n\000g\000\040\000e\000x\000a\000c\000t\000\040\000s\000e\000q\000u\000e\000n\000c\000e}{section.4.2}% 38
\BOOKMARK [2][-]{subsection.4.2.4}{\376\377\000C\000o\000m\000p\000a\000r\000i\000s\000o\000n\000\040\000w\000i\000t\000h\000\040\000t\000h\000e\000\040\000E\000x\000t\000\040\000c\000o\000n\000t\000r\000a\000v\000a\000r\000i\000a\000n\000t\000\040\000s\000e\000q\000u\000e\000n\000c\000e}{section.4.2}% 39
\BOOKMARK [2][-]{subsection.4.2.5}{\376\377\000E\000x\000a\000c\000t\000n\000e\000s\000s}{section.4.2}% 40
\BOOKMARK [1][-]{section.4.3}{\376\377\000T\000w\000o\000-\000a\000f\000f\000i\000n\000e\000\040\000o\000p\000e\000n\000\040\000c\000o\000v\000e\000r\000s}{chapter.4}% 41
\BOOKMARK [2][-]{subsection.4.3.1}{\376\377\000U\000s\000e\000\040\000i\000n\000\040\000S\000e\000r\000r\000e\000\040\000f\000i\000n\000i\000t\000e\000n\000e\000s\000s}{section.4.3}% 42
\BOOKMARK [1][-]{section.4.4}{\376\377\000C\000o\000h\000o\000m\000o\000l\000o\000g\000y\000\040\000o\000f\000\040\000t\000h\000e\000\040\000w\000h\000o\000l\000e\000\040\000s\000p\000a\000c\000e}{chapter.4}% 43
\BOOKMARK [2][-]{subsection.4.4.1}{\376\377\000S\000o\000u\000r\000c\000e\000-\000o\000b\000j\000e\000c\000t\000\040\000i\000d\000e\000n\000t\000i\000f\000i\000c\000a\000t\000i\000o\000n}{section.4.4}% 44
\BOOKMARK [2][-]{subsection.4.4.2}{\376\377\000E\000x\000t\000\040\000t\000r\000a\000n\000s\000p\000o\000r\000t}{section.4.4}% 45
\BOOKMARK [2][-]{subsection.4.4.3}{\376\377\000U\000n\000i\000v\000e\000r\000s\000e\000\040\000b\000u\000m\000p\000\040\000a\000n\000d\000\040\000t\000h\000e\000\040\000f\000u\000l\000l\000\040\000b\000r\000i\000d\000g\000e}{section.4.4}% 46
\BOOKMARK [2][-]{subsection.4.4.4}{\376\377\000S\000p\000e\000c\000i\000a\000l\000i\000s\000a\000t\000i\000o\000n\000\040\000t\000o\000\040\000t\000h\000e\000\040\000X\0004\000\040\000c\000o\000r\000n\000e\000r\000\040\000o\000f\000\040\000a\000\040\000t\000w\000o\000-\000a\000f\000f\000i\000n\000e\000\040\000c\000o\000v\000e\000r}{section.4.4}% 47
\BOOKMARK [2][-]{subsection.4.4.5}{\376\377\000C\000o\000n\000s\000e\000q\000u\000e\000n\000c\000e\000s\000\040\000f\000o\000r\000\040\000f\000i\000n\000i\000t\000e\000\040\000d\000i\000m\000e\000n\000s\000i\000o\000n\000a\000l\000i\000t\000y}{section.4.4}% 48
\BOOKMARK [1][-]{section.4.5}{\376\377\001\014\000e\000c\000h\000\040\000a\000c\000y\000c\000l\000i\000c\000i\000t\000y\000\040\000a\000n\000d\000\040\000v\000a\000n\000i\000s\000h\000i\000n\000g\000\040\000o\000n\000\040\000a\000f\000f\000i\000n\000e\000s}{chapter.4}% 49
\BOOKMARK [2][-]{subsection.4.5.1}{\376\377\000T\000o\000p\000-\000s\000u\000p\000r\000e\000m\000u\000m\000\040\000t\000r\000a\000n\000s\000p\000o\000r\000t}{section.4.5}% 50
\BOOKMARK [2][-]{subsection.4.5.2}{\376\377\000C\000o\000m\000p\000a\000r\000i\000s\000o\000n\000-\000i\000s\000o\000\040\000t\000y\000p\000e\000c\000l\000a\000s\000s\000\040\000c\000a\000r\000r\000i\000e\000r}{section.4.5}% 51
\BOOKMARK [2][-]{subsection.4.5.3}{\376\377\000A\000f\000f\000i\000n\000e\000\040\001\014\000e\000c\000h\000-\000a\000c\000y\000c\000l\000i\000c\000\040\000c\000o\000v\000e\000r\000\040\000c\000a\000r\000r\000i\000e\000r}{section.4.5}% 52
\BOOKMARK [1][-]{section.4.6}{\376\377\000U\000s\000e\000\040\000i\000n\000\040\000t\000h\000e\000\040\000p\000r\000o\000j\000e\000c\000t}{chapter.4}% 53
\BOOKMARK [0][-]{chapter.5}{\376\377\000F\000l\000a\000t\000\040\000b\000a\000s\000e\000\040\000c\000h\000a\000n\000g\000e\000\040\000f\000o\000r\000\040\000t\000h\000e\000\040\000p\000u\000s\000h\000f\000o\000r\000w\000a\000r\000d\000\040\000o\000f\000\040\000a\000\040\000q\000u\000a\000s\000i\000-\000c\000o\000h\000e\000r\000e\000n\000t\000\040\000s\000h\000e\000a\000f\000\040\000\050\000i\000=\0000\000\051}{}% 54
\BOOKMARK [1][-]{section.5.1}{\376\377\000S\000e\000t\000u\000p\000\040\000a\000n\000d\000\040\000m\000o\000t\000i\000v\000a\000t\000i\000o\000n}{chapter.5}% 55
\BOOKMARK [1][-]{section.5.2}{\376\377\000T\000w\000o\000\040\000r\000o\000u\000t\000e\000s\000\040\000t\000o\000\040\000b\000a\000s\000e\000\040\000c\000h\000a\000n\000g\000e\000,\000\040\000a\000n\000d\000\040\000w\000h\000i\000c\000h\000\040\000o\000n\000e\000\040\000i\000s\000\040\000a\000c\000t\000i\000v\000e}{chapter.5}% 56
\BOOKMARK [1][-]{section.5.3}{\376\377\000T\000h\000e\000\040\000c\000a\000n\000o\000n\000i\000c\000a\000l\000\040\000b\000a\000s\000e\000-\000c\000h\000a\000n\000g\000e\000\040\000m\000a\000p}{chapter.5}% 57
\BOOKMARK [1][-]{section.5.4}{\376\377\000T\000h\000e\000\040\000a\000f\000f\000i\000n\000e\000\040\000c\000a\000s\000e}{chapter.5}% 58
\BOOKMARK [2][-]{subsection.5.4.1}{\376\377\000L\000o\000c\000a\000l\000i\000t\000y\000\040\000o\000f\000\040\000i\000s\000o\000m\000o\000r\000p\000h\000i\000s\000m\000s\000\040\000f\000o\000r\000\040\000S\000c\000h\000e\000m\000e\000.\000M\000o\000d\000u\000l\000e\000s\000\040\000m\000o\000r\000p\000h\000i\000s\000m\000s}{section.5.4}% 59
\BOOKMARK [2][-]{subsection.5.4.2}{\376\377\000T\000h\000e\000\040\000a\000f\000f\000i\000n\000e\000\040\000c\000o\000m\000p\000u\000t\000a\000t\000i\000o\000n}{section.5.4}% 60
\BOOKMARK [2][-]{subsection.5.4.3}{\376\377\000T\000h\000e\000\040\000p\000u\000l\000l\000b\000a\000c\000k\000\040\000c\000o\000m\000p\000a\000n\000i\000o\000n}{section.5.4}% 61
\BOOKMARK [2][-]{subsection.5.4.4}{\376\377\000T\000h\000e\000\040\000c\000o\000n\000c\000r\000e\000t\000e\000-\000t\000i\000l\000d\000e\000\040\000a\000f\000f\000i\000n\000e\000\040\000b\000a\000s\000e\000-\000c\000h\000a\000n\000g\000e\000\040\000b\000r\000i\000c\000k\000\040\000\050\000a\000c\000t\000i\000v\000e\000\040\000r\000o\000u\000t\000e\000\051}{section.5.4}% 62
\BOOKMARK [1][-]{section.5.5}{\376\377\000G\000l\000u\000i\000n\000g\000\040\000t\000h\000e\000\040\000a\000f\000f\000i\000n\000e\000\040\000b\000a\000s\000e\000-\000c\000h\000a\000n\000g\000e\000\040\000i\000s\000o\000m\000o\000r\000p\000h\000i\000s\000m\000s\000\040\000t\000o\000\040\000a\000\040\000g\000l\000o\000b\000a\000l\000\040\000n\000a\000t\000u\000r\000a\000l\000\040\000i\000s\000o}{chapter.5}% 63
\BOOKMARK [2][-]{subsection.5.5.1}{\376\377\000T\000h\000e\000\040\000c\000h\000a\000r\000t\000-\000t\000o\000w\000e\000r\000\040\000i\000n\000d\000e\000x\000i\000n\000g\000\040\000d\000a\000t\000u\000m\000\040\000\050\000s\000c\000a\000f\000f\000o\000l\000d\000i\000n\000g\000\051}{section.5.5}% 64
\BOOKMARK [2][-]{subsection.5.5.2}{\376\377\000T\000h\000e\000\040\000a\000f\000f\000i\000n\000e\000\040\000b\000a\000s\000e\000-\000c\000h\000a\000n\000g\000e\000\040\000l\000e\000m\000m\000a\000\040\000a\000n\000d\000\040\000i\000t\000s\000\040\000r\000e\000m\000a\000i\000n\000i\000n\000g\000\040\000o\000b\000l\000i\000g\000a\000t\000i\000o\000n\000s}{section.5.5}% 65
\BOOKMARK [1][-]{section.5.6}{\376\377\000F\000l\000a\000t\000\040\000b\000a\000s\000e\000\040\000c\000h\000a\000n\000g\000e\000\040\000f\000o\000r\000\040\000t\000h\000e\000\040\000p\000u\000s\000h\000f\000o\000r\000w\000a\000r\000d}{chapter.5}% 66
\BOOKMARK [1][-]{section.5.7}{\376\377\000M\000a\000t\000h\000l\000i\000b\000\040\000s\000t\000u\000b\000s\000\040\000i\000m\000p\000o\000r\000t\000e\000d\000\040\000f\000o\000r\000\040\000t\000h\000e\000\040\000G\000r\000a\000s\000s\000m\000a\000n\000n\000i\000a\000n\000/\000Q\000u\000o\000t\000\040\000d\000e\000s\000c\000e\000n\000t}{chapter.5}% 67
\BOOKMARK [0][-]{chapter.6}{\376\377\000H\000i\000g\000h\000e\000r\000\040\000d\000i\000r\000e\000c\000t\000\040\000i\000m\000a\000g\000e\000s\000\040\000R\000\040\000i\000\040\000f\000\040\000*\000\040\000o\000f\000\040\000q\000u\000a\000s\000i\000-\000c\000o\000h\000e\000r\000e\000n\000t\000\040\000s\000h\000e\000a\000v\000e\000s\000\040\000\050\000i\000\040\000>\000=\000\040\0001\000\051}{}% 68
\BOOKMARK [1][-]{section.6.1}{\376\377\000S\000e\000t\000u\000p\000\040\000a\000n\000d\000\040\000m\000o\000t\000i\000v\000a\000t\000i\000o\000n}{chapter.6}% 69
\BOOKMARK [1][-]{section.6.2}{\376\377\000D\000e\000f\000i\000n\000i\000t\000i\000o\000n\000\040\000o\000f\000\040\000t\000h\000e\000\040\000h\000i\000g\000h\000e\000r\000\040\000d\000i\000r\000e\000c\000t\000\040\000i\000m\000a\000g\000e\000s}{chapter.6}% 70
\BOOKMARK [1][-]{section.6.3}{\376\377\000Q\000u\000a\000s\000i\000-\000c\000o\000h\000e\000r\000e\000n\000c\000e\000\040\000o\000f\000\040\000t\000h\000e\000\040\000h\000i\000g\000h\000e\000r\000\040\000d\000i\000r\000e\000c\000t\000\040\000i\000m\000a\000g\000e\000s}{chapter.6}% 71
\BOOKMARK [1][-]{section.6.4}{\376\377\000V\000a\000n\000i\000s\000h\000i\000n\000g\000\040\000o\000f\000\040\000h\000i\000g\000h\000e\000r\000\040\000d\000i\000r\000e\000c\000t\000\040\000i\000m\000a\000g\000e\000s\000\040\000a\000l\000o\000n\000g\000\040\000a\000n\000\040\000a\000f\000f\000i\000n\000e\000\040\000m\000o\000r\000p\000h\000i\000s\000m}{chapter.6}% 72
\BOOKMARK [1][-]{section.6.5}{\376\377\000F\000l\000a\000t\000\040\000b\000a\000s\000e\000\040\000c\000h\000a\000n\000g\000e\000\040\000f\000o\000r\000\040\000t\000h\000e\000\040\000h\000i\000g\000h\000e\000r\000\040\000d\000i\000r\000e\000c\000t\000\040\000i\000m\000a\000g\000e\000s}{chapter.6}% 73
\BOOKMARK [0][-]{chapter.7}{\376\377\000A\000c\000y\000c\000l\000i\000c\000\040\000r\000e\000s\000o\000l\000u\000t\000i\000o\000n\000s\000\040\000c\000o\000m\000p\000u\000t\000e\000\040\000r\000i\000g\000h\000t\000-\000d\000e\000r\000i\000v\000e\000d\000\040\000f\000u\000n\000c\000t\000o\000r\000s}{}% 74
\BOOKMARK [1][-]{section.7.1}{\376\377\000S\000e\000t\000u\000p\000\040\000a\000n\000d\000\040\000m\000o\000t\000i\000v\000a\000t\000i\000o\000n}{chapter.7}% 75
\BOOKMARK [1][-]{section.7.2}{\376\377\000K\000n\000o\000w\000n\000\040\000r\000e\000s\000u\000l\000t\000s}{chapter.7}% 76
\BOOKMARK [1][-]{section.7.3}{\376\377\000R\000i\000g\000h\000t\000-\000a\000c\000y\000c\000l\000i\000c\000\040\000o\000b\000j\000e\000c\000t\000s}{chapter.7}% 77
\BOOKMARK [1][-]{section.7.4}{\376\377\000L\000i\000f\000t\000i\000n\000g\000\040\000a\000\040\000s\000h\000o\000r\000t\000\040\000e\000x\000a\000c\000t\000\040\000s\000e\000q\000u\000e\000n\000c\000e\000\040\000t\000o\000\040\000i\000n\000j\000e\000c\000t\000i\000v\000e\000\040\000r\000e\000s\000o\000l\000u\000t\000i\000o\000n\000s}{chapter.7}% 78
\BOOKMARK [2][-]{subsection.7.4.1}{\376\377\000T\000h\000e\000\040\000h\000o\000r\000s\000e\000s\000h\000o\000e\000\040\000c\000o\000n\000s\000t\000r\000u\000c\000t\000i\000o\000n\000,\000\040\000s\000t\000e\000p\000\040\000b\000y\000\040\000s\000t\000e\000p}{section.7.4}% 79
\BOOKMARK [1][-]{section.7.5}{\376\377\000T\000h\000e\000\040\000d\000i\000m\000e\000n\000s\000i\000o\000n\000-\000s\000h\000i\000f\000t\000\040\000s\000t\000e\000p}{chapter.7}% 80
\BOOKMARK [1][-]{section.7.6}{\376\377\000C\000o\000s\000y\000z\000y\000g\000i\000e\000s\000\040\000o\000f\000\040\000a\000n\000\040\000a\000c\000y\000c\000l\000i\000c\000\040\000r\000e\000s\000o\000l\000u\000t\000i\000o\000n}{chapter.7}% 81
\BOOKMARK [1][-]{section.7.7}{\376\377\000T\000h\000e\000\040\000a\000c\000y\000c\000l\000i\000c\000-\000r\000e\000s\000o\000l\000u\000t\000i\000o\000n\000\040\000c\000o\000m\000p\000a\000r\000i\000s\000o\000n\000\040\000t\000h\000e\000o\000r\000e\000m}{chapter.7}% 82
\BOOKMARK [0][-]{chapter.8}{\376\377\001\014\000e\000c\000h\000\040\000c\000o\000m\000p\000u\000t\000a\000t\000i\000o\000n\000\040\000o\000f\000\040\000h\000i\000g\000h\000e\000r\000\040\000d\000i\000r\000e\000c\000t\000\040\000i\000m\000a\000g\000e\000s\000\040\000R\000i\000\040\000f\000*\000\040\000\050\000u\000n\000c\000o\000n\000d\000i\000t\000i\000o\000n\000a\000l\000\051}{}% 83
\BOOKMARK [1][-]{section.8.1}{\376\377\000S\000e\000t\000u\000p\000\040\000a\000n\000d\000\040\000m\000o\000t\000i\000v\000a\000t\000i\000o\000n}{chapter.8}% 84
\BOOKMARK [1][-]{section.8.2}{\376\377\000T\000h\000e\000\040\001\014\000e\000c\000h\000\040\000n\000e\000r\000v\000e\000\040\000a\000n\000d\000\040\001\014\000e\000c\000h\000\040\000c\000o\000m\000p\000l\000e\000x\000\040\000o\000f\000\040\000a\000n\000\040\000a\000f\000f\000i\000n\000e\000\040\000c\000o\000v\000e\000r}{chapter.8}% 85
\BOOKMARK [2][-]{subsection.8.2.1}{\376\377\000T\000h\000e\000\040\000t\000h\000r\000e\000e\000-\000p\000a\000r\000t\000\040\000c\000o\000n\000s\000t\000r\000u\000c\000t\000i\000o\000n\000\040\000o\000f\000\040\000t\000h\000e\000\040\000r\000e\000l\000a\000t\000i\000v\000e\000\040\001\014\000e\000c\000h\000\040\000c\000o\000m\000p\000l\000e\000x}{section.8.2}% 86
\BOOKMARK [1][-]{section.8.3}{\376\377\000A\000f\000f\000i\000n\000e\000\040\000a\000c\000y\000c\000l\000i\000c\000i\000t\000y\000\040\000o\000f\000\040\000t\000h\000e\000\040\001\014\000e\000c\000h\000\040\000c\000o\000m\000p\000l\000e\000x}{chapter.8}% 87
\BOOKMARK [2][-]{subsection.8.3.1}{\376\377\000T\000h\000e\000\040\000c\000a\000t\000e\000g\000o\000r\000i\000c\000a\000l\040\023\000m\000o\000d\000u\000l\000e\000\040\000b\000r\000i\000d\000g\000e\000\040\000\050\000L\0001\000\051}{section.8.3}% 88
\BOOKMARK [2][-]{subsection.8.3.2}{\376\377\000P\000r\000e\000s\000h\000e\000a\000f\000-\000l\000e\000v\000e\000l\000\040\001\014\000e\000c\000h\000\040\000m\000a\000c\000h\000i\000n\000e\000r\000y}{section.8.3}% 89
\BOOKMARK [1][-]{section.8.4}{\376\377\000A\000b\000s\000o\000l\000u\000t\000e\000\040\000s\000h\000e\000a\000f\000\040\000c\000o\000h\000o\000m\000o\000l\000o\000g\000y\000\040\000a\000s\000\040\000E\000x\000t\000\040\000o\000f\000\040\000t\000h\000e\000\040\000c\000o\000r\000e\000p\000r\000e\000s\000e\000n\000t\000i\000n\000g\000\040\000o\000b\000j\000e\000c\000t}{chapter.8}% 90
\BOOKMARK [2][-]{subsection.8.4.1}{\376\377\000P\000r\000o\000j\000e\000c\000t\000\040\000w\000r\000a\000p\000p\000e\000r\000s\000\040\000a\000r\000o\000u\000n\000d\000\040\000t\000h\000e\000\040\000E\000x\000t\000\040\000r\000e\000a\000l\000i\000z\000a\000t\000i\000o\000n}{section.8.4}% 91
\BOOKMARK [2][-]{subsection.8.4.2}{\376\377\000T\000h\000e\000\040\000a\000f\000f\000i\000n\000e\000\040\000i\000n\000s\000t\000a\000n\000t\000i\000a\000t\000i\000o\000n\000\040\000\050\000T\000a\000g\000\040\0000\0002\000K\000G\000\051}{section.8.4}% 92
\BOOKMARK [1][-]{section.8.5}{\376\377\000R\000o\000u\000t\000e\000\040\000B\000:\000\040\000t\000h\000e\000\040\0000\0001\000I\0008\000\040\000c\000o\000u\000n\000i\000t\000\040\000i\000s\000o\000m\000o\000r\000p\000h\000i\000s\000m\000\040\000v\000i\000a\000\040\000s\000e\000c\000t\000i\000o\000n\000-\000l\000o\000c\000a\000l\000i\000z\000a\000t\000i\000o\000n}{chapter.8}% 93
\BOOKMARK [2][-]{subsection.8.5.1}{\376\377\000S\000e\000c\000t\000i\000o\000n\000\040\001\014\000e\000c\000h\000\040\000i\000n\000f\000r\000a\000s\000t\000r\000u\000c\000t\000u\000r\000e\000\040\000a\000n\000d\000\040\000t\000h\000e\000\040\000c\000o\000v\000e\000r\000-\000s\000y\000s\000t\000e\000m\000\040\000e\000n\000c\000o\000d\000i\000n\000g}{section.8.5}% 94
\BOOKMARK [1][-]{section.8.6}{\376\377\000T\000h\000e\000\040\001\014\000e\000c\000h\000\040\000c\000o\000m\000p\000l\000e\000x\000\040\000c\000o\000m\000p\000u\000t\000e\000s\000\040\000R\000i\000\040\000f\000*}{chapter.8}% 95
\BOOKMARK [2][-]{subsection.8.6.1}{\376\377\000O\000b\000j\000e\000c\000t\000\040\000l\000a\000y\000e\000r\000\040\000f\000o\000r\000\040\000t\000h\000e\000\040\000a\000u\000g\000m\000e\000n\000t\000e\000d\000\040\001\014\000e\000c\000h\000\040\000c\000o\000m\000p\000l\000e\000x}{section.8.6}% 96
\BOOKMARK [2][-]{subsection.8.6.2}{\376\377\000T\000h\000e\000\040\000e\000n\000l\000a\000r\000g\000e\000d\000\040\000a\000f\000f\000i\000n\000e\000\040\000i\000n\000s\000t\000a\000n\000t\000i\000a\000t\000i\000o\000n\000\040\000\050\000g\000e\000n\000e\000r\000a\000l\000\040\000a\000f\000f\000i\000n\000e\000\040\000o\000p\000e\000n\000s\000,\000\040\000N\000e\000e\000d\000\040\000\043\0002\000\051}{section.8.6}% 97
\BOOKMARK [1][-]{section.8.7}{\376\377\000T\000h\000e\000\040\000u\000n\000c\000o\000n\000d\000i\000t\000i\000o\000n\000a\000l\000\040\000h\000i\000g\000h\000e\000r\000\040\000d\000i\000r\000e\000c\000t\000\040\000i\000m\000a\000g\000e}{chapter.8}% 98
\BOOKMARK [1][-]{section.8.8}{\376\377\000T\000h\000e\000\040\000r\000e\000l\000a\000t\000i\000v\000e\000\040\001\014\000e\000c\000h\000-\000t\000o\000-\000d\000e\000r\000i\000v\000e\000d\000-\000p\000u\000s\000h\000f\000o\000r\000w\000a\000r\000d\000\040\000s\000p\000e\000c\000t\000r\000a\000l\000\040\000s\000e\000q\000u\000e\000n\000c\000e}{chapter.8}% 99
\BOOKMARK [2][-]{subsection.8.8.1}{\376\377\000M\000a\000t\000h\000l\000i\000b\000\040\000a\000n\000c\000h\000o\000r\000s\000\040\000f\000o\000r\000\040\000t\000h\000e\000\040\000a\000b\000s\000t\000r\000a\000c\000t\000\040\000s\000p\000e\000c\000t\000r\000a\000l\000-\000s\000e\000q\000u\000e\000n\000c\000e\000\040\000s\000c\000a\000f\000f\000o\000l\000d}{section.8.8}% 100
\BOOKMARK [2][-]{subsection.8.8.2}{\376\377\000T\000h\000e\000\040\000b\000i\000c\000o\000m\000p\000l\000e\000x\000\040\000a\000n\000d\000\040\000i\000t\000s\000\040\000t\000o\000t\000a\000l\000\040\000c\000o\000m\000p\000l\000e\000x}{section.8.8}% 101
\BOOKMARK [2][-]{subsection.8.8.3}{\376\377\000T\000h\000e\000\040\000t\000w\000o\000\040\000f\000i\000l\000t\000r\000a\000t\000i\000o\000n\000s}{section.8.8}% 102
\BOOKMARK [2][-]{subsection.8.8.4}{\376\377\000A\000s\000s\000e\000m\000b\000l\000y\000\040\000o\000f\000\040\000t\000h\000e\000\040\000s\000p\000e\000c\000t\000r\000a\000l\000\040\000s\000e\000q\000u\000e\000n\000c\000e}{section.8.8}% 103
\BOOKMARK [1][-]{section.8.9}{\376\377\000F\000l\000a\000t\000\040\000b\000a\000s\000e\000\040\000c\000h\000a\000n\000g\000e\000\040\000f\000o\000r\000\040\000t\000h\000e\000\040\001\014\000e\000c\000h\000\040\000h\000i\000g\000h\000e\000r\000\040\000d\000i\000r\000e\000c\000t\000\040\000i\000m\000a\000g\000e\000s}{chapter.8}% 104
\BOOKMARK [1][-]{section.8.10}{\376\377\000H\000o\000m\000o\000l\000o\000g\000y\000-\000s\000i\000d\000e\000\040\000m\000a\000c\000h\000i\000n\000e\000r\000y\000\040\000f\000o\000r\000\040\001\014\000e\000c\000h\000\040\000f\000l\000a\000t\000\040\000b\000a\000s\000e\000\040\000c\000h\000a\000n\000g\000e}{chapter.8}% 105
\BOOKMARK [2][-]{subsection.8.10.1}{\376\377\000L\000e\000f\000t\000-\000e\000x\000a\000c\000t\000n\000e\000s\000s\000\040\000o\000f\000\040\000t\000h\000e\000\040\000f\000l\000a\000t\000\040\000p\000u\000l\000l\000b\000a\000c\000k\000:\000\040\000t\000h\000e\000\040\000f\000a\000c\000t\000o\000r\000i\000s\000a\000t\000i\000o\000n\000\040\000a\000n\000d\000\040\000i\000t\000s\000\040\000f\000r\000o\000n\000t\000i\000e\000r}{section.8.10}% 106
\BOOKMARK [2][-]{subsection.8.10.2}{\376\377\000T\000h\000e\000\040\001\014\000e\000c\000h\000\040\000b\000a\000s\000e\000-\000c\000h\000a\000n\000g\000e\000\040\000i\000s\000o\000m\000o\000r\000p\000h\000i\000s\000m\000\040\000v\000i\000a\000\040\000a\000\040\000c\000o\000s\000i\000m\000p\000l\000i\000c\000i\000a\000l\000\040\000n\000a\000t\000u\000r\000a\000l\000\040\000i\000s\000o}{section.8.10}% 107
\BOOKMARK [2][-]{subsection.8.10.3}{\376\377\000T\000h\000e\000\040\000a\000b\000s\000t\000r\000a\000c\000t\000-\000t\000o\000-\000a\000f\000f\000i\000n\000e\000\040\000b\000r\000i\000d\000g\000e\000\040\000f\000o\000r\000\040\000t\000h\000e\000\040\000b\000a\000s\000e\000-\000c\000h\000a\000n\000g\000e\000\040\000l\000e\000a\000v\000e\000s}{section.8.10}% 108
\BOOKMARK [0][-]{chapter.9}{\376\377\000G\000e\000n\000u\000s\000\040\000o\000f\000\040\000a\000\040\000s\000m\000o\000o\000t\000h\000\040\000p\000r\000o\000p\000e\000r\000\040\000c\000u\000r\000v\000e}{}% 109
\BOOKMARK [1][-]{section.9.1}{\376\377\000D\000e\000f\000i\000n\000i\000t\000i\000o\000n}{chapter.9}% 110
\BOOKMARK [1][-]{section.9.2}{\376\377\000M\000a\000t\000h\000l\000i\000b\000\040\000g\000a\000p}{chapter.9}% 111
\BOOKMARK [1][-]{section.9.3}{\376\377\000U\000s\000e\000r\000\040\000a\000u\000t\000h\000o\000r\000i\000s\000a\000t\000i\000o\000n\000\040\000o\000f\000\040\000n\000o\000n\000c\000o\000m\000p\000u\000t\000a\000b\000l\000e}{chapter.9}% 112
\BOOKMARK [1][-]{section.9.4}{\376\377\000W\000h\000a\000t\000\040\000t\000h\000i\000s\000\040\000i\000t\000e\000r\000a\000t\000i\000o\000n\000\040\000d\000o\000e\000s\000\040\000a\000n\000d\000\040\000d\000o\000e\000s\000\040\000n\000o\000t}{chapter.9}% 113
\BOOKMARK [0][-]{chapter.10}{\376\377\000T\000h\000e\000\040\000r\000i\000g\000i\000d\000i\000t\000y\000\040\000l\000e\000m\000m\000a\000\040\000a\000n\000d\000\040\000i\000t\000s\000\040\000M\000i\000l\000n\000e\000\040\000\247\000I\000.\0001\040\023\000I\000.\0003\000\040\000c\000o\000r\000o\000l\000l\000a\000r\000i\000e\000s}{}% 114
\BOOKMARK [1][-]{section.10.1}{\376\377\000T\000h\000e\000\040\000R\000i\000g\000i\000d\000i\000t\000y\000\040\000L\000e\000m\000m\000a}{chapter.10}% 115
\BOOKMARK [1][-]{section.10.2}{\376\377\000T\000h\000e\000\040\000M\000i\000l\000n\000e\000\040\000\247\000I\000.\0001\040\023\000I\000.\0003\000\040\000c\000o\000r\000o\000l\000l\000a\000r\000i\000e\000s\000:\000\040\000a\000d\000d\000i\000t\000i\000v\000i\000t\000y\000,\000\040\000h\000o\000m\000o\000m\000o\000r\000p\000h\000i\000s\000m\000s\000,\000\040\000e\000x\000t\000e\000n\000s\000i\000o\000n}{chapter.10}% 116
\BOOKMARK [0][-]{chapter.11}{\376\377\000T\000h\000e\000\040\000J\000a\000c\000o\000b\000i\000a\000n\000\040\000a\000s\000\040\000a\000n\000\040\000a\000b\000e\000l\000i\000a\000n\000\040\000v\000a\000r\000i\000e\000t\000y}{}% 117
\BOOKMARK [1][-]{section.11.1}{\376\377\000T\000h\000e\000\040\000A\000l\000b\000a\000n\000e\000s\000e\000\040\000c\000o\000n\000s\000t\000r\000u\000c\000t\000i\000o\000n}{chapter.11}% 118
\BOOKMARK [2][-]{subsection.11.1.1}{\376\377\000S\000y\000m\000m\000e\000t\000r\000i\000c\000\040\000p\000o\000w\000e\000r\000s\000\040\000a\000n\000d\000\040\000t\000h\000e\000\040\000A\000b\000e\000l\040\023\000J\000a\000c\000o\000b\000i\000\040\000m\000a\000p}{section.11.1}% 119
\BOOKMARK [2][-]{subsection.11.1.2}{\376\377\000T\000h\000e\000\040\000A\000l\000b\000a\000n\000e\000s\000e\000\040\000u\000n\000i\000v\000e\000r\000s\000a\000l\000\040\000p\000r\000o\000p\000e\000r\000t\000y}{section.11.1}% 120
\BOOKMARK [2][-]{subsection.11.1.3}{\376\377\000E\000x\000t\000r\000a\000c\000t\000i\000n\000g\000\040\000t\000h\000e\000\040\000u\000n\000i\000v\000e\000r\000s\000a\000l\000\040\000m\000o\000r\000p\000h\000i\000s\000m}{section.11.1}% 121
\BOOKMARK [2][-]{subsection.11.1.4}{\376\377\000T\000h\000e\000\040\000J\000a\000c\000o\000b\000i\000a\000n\000\040\000d\000e\000f\000i\000n\000i\000t\000i\000o\000n}{section.11.1}% 122
\BOOKMARK [1][-]{section.11.2}{\376\377\000G\000r\000o\000u\000p\000\040\000s\000c\000h\000e\000m\000e\000\040\000s\000t\000r\000u\000c\000t\000u\000r\000e\000\040\000a\000n\000d\000\040\000a\000b\000e\000l\000i\000a\000n\000-\000v\000a\000r\000i\000e\000t\000y\000\040\000p\000r\000o\000p\000e\000r\000t\000i\000e\000s}{chapter.11}% 123
\BOOKMARK [2][-]{subsection.11.2.1}{\376\377\000S\000a\000n\000i\000t\000y\000\040\000c\000h\000e\000c\000k\000\040\000i\000n\000\040\000l\000o\000w\000\040\000g\000e\000n\000u\000s}{section.11.2}% 124
\BOOKMARK [1][-]{section.11.3}{\376\377\000E\000x\000i\000s\000t\000e\000n\000c\000e\000\040\000o\000f\000\040\000a\000n\000\040\000A\000l\000b\000a\000n\000e\000s\000e\000\040\000v\000a\000r\000i\000e\000t\000y}{chapter.11}% 125
\BOOKMARK [2][-]{subsection.11.3.1}{\376\377\000T\000h\000e\000\040\000A\000l\000b\000a\000n\000e\000s\000e\000\040\000w\000i\000t\000n\000e\000s\000s\000\040\000b\000u\000n\000d\000l\000e}{section.11.3}% 126
\BOOKMARK [2][-]{subsection.11.3.2}{\376\377\000T\000h\000e\000\040\000c\000h\000o\000s\000e\000n\000\040\000A\000l\000b\000a\000n\000e\000s\000e\000\040\000w\000i\000t\000n\000e\000s\000s}{section.11.3}% 127
\BOOKMARK [2][-]{subsection.11.3.3}{\376\377\000R\000o\000u\000t\000e\000\040\000A\000.\0004\000:\000\040\000t\000h\000e\000\040\000A\000l\000b\000a\000n\000e\000s\000e\000\040\000u\000n\000i\000v\000e\000r\000s\000a\000l\000\040\000p\000r\000o\000p\000e\000r\000t\000y\000\040\000o\000f\000\040\000P\000i\000c\000\040\000\050\000M\000i\000l\000n\000e\000\040\000I\000I\000I\000\040\000\247\0006\000\040\000a\000u\000d\000i\000t\000\051}{section.11.3}% 128
\BOOKMARK [2][-]{subsection.11.3.4}{\376\377\000T\000h\000e\000\040\000P\000i\000c\000a\000r\000d\000\040\000w\000i\000t\000n\000e\000s\000s\000\040\000J\000\040\000=\000\040\000P\000i\000c}{section.11.3}% 129
\BOOKMARK [1][-]{section.11.4}{\376\377\000I\000m\000p\000l\000e\000m\000e\000n\000t\000a\000t\000i\000o\000n\000\040\000r\000o\000u\000t\000e\000\040\000v\000i\000a\000\040\000t\000h\000e\000\040\000A\000l\000b\000a\000n\000e\000s\000e\000\040\000f\000u\000n\000c\000t\000o\000r}{chapter.11}% 130
\BOOKMARK [0][-]{chapter.12}{\376\377\000T\000h\000e\000\040\000A\000b\000e\000l\040\023\000J\000a\000c\000o\000b\000i\000\040\000m\000a\000p}{}% 131
\BOOKMARK [1][-]{section.12.1}{\376\377\000D\000e\000f\000i\000n\000i\000t\000i\000o\000n}{chapter.12}% 132
\BOOKMARK [1][-]{section.12.2}{\376\377\000P\000o\000i\000n\000t\000e\000d\000\040\000p\000r\000o\000p\000e\000r\000t\000y}{chapter.12}% 133
\BOOKMARK [1][-]{section.12.3}{\376\377\000U\000n\000i\000v\000e\000r\000s\000a\000l\000\040\000\050\000A\000l\000b\000a\000n\000e\000s\000e\000\051\000\040\000p\000r\000o\000p\000e\000r\000t\000y}{chapter.12}% 134
\BOOKMARK [1][-]{section.12.4}{\376\377\000I\000m\000p\000l\000e\000m\000e\000n\000t\000a\000t\000i\000o\000n\000\040\000r\000o\000u\000t\000e\000\040\000v\000i\000a\000\040\000t\000h\000e\000\040\000A\000l\000b\000a\000n\000e\000s\000e\000\040\000f\000r\000a\000m\000e\000w\000o\000r\000k}{chapter.12}% 135
\BOOKMARK [0][-]{chapter.13}{\376\377\000R\000e\000l\000a\000t\000i\000v\000e\000\040\000S\000p\000e\000c}{}% 136
\BOOKMARK [1][-]{section.13.1}{\376\377\000S\000e\000t\000u\000p\000\040\000a\000n\000d\000\040\000m\000o\000t\000i\000v\000a\000t\000i\000o\000n}{chapter.13}% 137
\BOOKMARK [1][-]{section.13.2}{\376\377\000Q\000u\000a\000s\000i\000-\000c\000o\000h\000e\000r\000e\000n\000t\000\040\000s\000h\000e\000a\000v\000e\000s\000\040\000o\000f\000\040\000a\000l\000g\000e\000b\000r\000a\000s}{chapter.13}% 138
\BOOKMARK [1][-]{section.13.3}{\376\377\000T\000h\000e\000\040\000r\000e\000l\000a\000t\000i\000v\000e\000-\000s\000p\000e\000c\000t\000r\000u\000m\000\040\000s\000c\000h\000e\000m\000e}{chapter.13}% 139
\BOOKMARK [1][-]{section.13.4}{\376\377\000A\000f\000f\000i\000n\000e\000\040\000b\000a\000s\000e}{chapter.13}% 140
\BOOKMARK [1][-]{section.13.5}{\376\377\000B\000a\000s\000e\000\040\000c\000h\000a\000n\000g\000e}{chapter.13}% 141
\BOOKMARK [1][-]{section.13.6}{\376\377\000P\000u\000l\000l\000b\000a\000c\000k\000\040\000c\000o\000m\000p\000a\000t\000i\000b\000i\000l\000i\000t\000y\000\040\000h\000e\000l\000p\000e\000r\000s}{chapter.13}% 142
\BOOKMARK [1][-]{section.13.7}{\376\377\000F\000u\000n\000c\000t\000o\000r\000i\000a\000l\000i\000t\000y}{chapter.13}% 143
\BOOKMARK [1][-]{section.13.8}{\376\377\000L\000e\000a\000n\000\040\000e\000n\000c\000o\000d\000i\000n\000g}{chapter.13}% 144
\BOOKMARK [1][-]{section.13.9}{\376\377\000O\000u\000t\000\040\000o\000f\000\040\000s\000c\000o\000p\000e}{chapter.13}% 145
\BOOKMARK [0][-]{chapter.14}{\376\377\000L\000i\000n\000e\000-\000b\000u\000n\000d\000l\000e\000\040\000p\000u\000l\000l\000b\000a\000c\000k\000\040\000o\000n\000\040\000a\000\040\000r\000e\000l\000a\000t\000i\000v\000e\000\040\000c\000u\000r\000v\000e}{}% 146
\BOOKMARK [1][-]{section.14.1}{\376\377\000S\000e\000t\000u\000p\000\040\000a\000n\000d\000\040\000m\000o\000t\000i\000v\000a\000t\000i\000o\000n}{chapter.14}% 147
\BOOKMARK [1][-]{section.14.2}{\376\377\000L\000i\000n\000e\000\040\000b\000u\000n\000d\000l\000e\000s\000\040\000o\000n\000\040\000a\000\040\000r\000e\000l\000a\000t\000i\000v\000e\000\040\000c\000u\000r\000v\000e}{chapter.14}% 148
\BOOKMARK [1][-]{section.14.3}{\376\377\000P\000r\000o\000j\000e\000c\000t\000-\000s\000i\000d\000e\000\040\000I\000s\000L\000o\000c\000a\000l\000l\000y\000T\000r\000i\000v\000i\000a\000l\000\040\000s\000u\000b\000s\000t\000r\000a\000t\000e}{chapter.14}% 149
\BOOKMARK [1][-]{section.14.4}{\376\377\000T\000h\000e\000\040\000p\000u\000l\000l\000b\000a\000c\000k\000\040\000f\000u\000n\000c\000t\000o\000r\000\040\000a\000l\000o\000n\000g\000\040\000t\000h\000e\000\040\000p\000r\000o\000j\000e\000c\000t\000i\000o\000n}{chapter.14}% 150
\BOOKMARK [1][-]{section.14.5}{\376\377\000C\000o\000m\000p\000o\000s\000i\000t\000i\000o\000n\000\040\000o\000f\000\040\000p\000u\000l\000l\000b\000a\000c\000k\000s}{chapter.14}% 151
\BOOKMARK [1][-]{section.14.6}{\376\377\000T\000h\000e\000\040\000r\000e\000l\000a\000t\000i\000v\000e\000\040\000P\000i\000c\000a\000r\000d\000\040\000p\000r\000e\000s\000h\000e\000a\000f\000\040\000\050\000s\000e\000t\000-\000v\000a\000l\000u\000e\000d\000\051}{chapter.14}% 152
\BOOKMARK [1][-]{section.14.7}{\376\377\000N\000a\000t\000u\000r\000a\000l\000i\000t\000y\000\040\000i\000n\000\040\000t\000h\000e\000\040\000t\000e\000s\000t\000\040\000s\000c\000h\000e\000m\000e}{chapter.14}% 153
\BOOKMARK [1][-]{section.14.8}{\376\377\000L\000e\000a\000n\000\040\000e\000n\000c\000o\000d\000i\000n\000g}{chapter.14}% 154
\BOOKMARK [1][-]{section.14.9}{\376\377\000O\000u\000t\000\040\000o\000f\000\040\000s\000c\000o\000p\000e}{chapter.14}% 155
\BOOKMARK [1][-]{section.14.10}{\376\377\000I\000n\000t\000e\000r\000n\000a\000l\000-\000c\000o\000n\000s\000i\000s\000t\000e\000n\000c\000y\000\040\000c\000h\000e\000c\000k}{chapter.14}% 156
\BOOKMARK [0][-]{chapter.15}{\376\377\000T\000h\000e\000\040\000r\000e\000l\000a\000t\000i\000v\000e\000\040\000P\000i\000c\000a\000r\000d\000\040\000f\000u\000n\000c\000t\000o\000r\000\040\000a\000n\000d\000\040\000i\000t\000s\000\040\000\351\000t\000a\000l\000e\000\040\000s\000h\000e\000a\000f\000i\000f\000i\000c\000a\000t\000i\000o\000n}{}% 157
\BOOKMARK [1][-]{section.15.1}{\376\377\000S\000e\000t\000u\000p\000\040\000a\000n\000d\000\040\000m\000o\000t\000i\000v\000a\000t\000i\000o\000n}{chapter.15}% 158
\BOOKMARK [1][-]{section.15.2}{\376\377\000G\000r\000o\000u\000p\000\040\000s\000t\000r\000u\000c\000t\000u\000r\000e\000\040\000o\000n\000\040\000t\000h\000e\000\040\000r\000e\000l\000a\000t\000i\000v\000e\000\040\000P\000i\000c\000a\000r\000d\000\040\000q\000u\000o\000t\000i\000e\000n\000t}{chapter.15}% 159
\BOOKMARK [2][-]{subsection.15.2.1}{\376\377\000H\000e\000l\000p\000e\000r\000\040\000c\000o\000n\000s\000t\000r\000u\000c\000t\000i\000o\000n\000s\000\040\000u\000n\000d\000e\000r\000l\000y\000i\000n\000g\000\040\000t\000h\000e\000\040\000g\000r\000o\000u\000p\000\040\000l\000a\000w}{section.15.2}% 160
\BOOKMARK [1][-]{section.15.3}{\376\377\000T\000h\000e\000\040\000r\000e\000l\000a\000t\000i\000v\000e\000\040\000P\000i\000c\000a\000r\000d\000\040\000p\000r\000e\000s\000h\000e\000a\000f\000\040\000a\000s\000\040\000a\000\040\000g\000r\000o\000u\000p\000-\000v\000a\000l\000u\000e\000d\000\040\000p\000r\000e\000s\000h\000e\000a\000f}{chapter.15}% 161
\BOOKMARK [1][-]{section.15.4}{\376\377\000\311\000t\000a\000l\000e\000\040\000s\000h\000e\000a\000f\000i\000f\000i\000c\000a\000t\000i\000o\000n}{chapter.15}% 162
\BOOKMARK [1][-]{section.15.5}{\376\377\000L\000e\000a\000n\000\040\000e\000n\000c\000o\000d\000i\000n\000g}{chapter.15}% 163
\BOOKMARK [1][-]{section.15.6}{\376\377\000O\000u\000t\000\040\000o\000f\000\040\000s\000c\000o\000p\000e}{chapter.15}% 164
\BOOKMARK [1][-]{section.15.7}{\376\377\000I\000n\000t\000e\000r\000n\000a\000l\000-\000c\000o\000n\000s\000i\000s\000t\000e\000n\000c\000y\000\040\000c\000h\000e\000c\000k}{chapter.15}% 165
\BOOKMARK [0][-]{chapter.16}{\376\377\000R\000e\000l\000a\000t\000i\000v\000e\000\040\000P\000i\000c\000a\000r\000d\000\040\000s\000h\000e\000a\000f\000\040\040\024\000\040\000S\000c\000h\000e\000m\000e\000.\000M\000o\000d\000u\000l\000e\000s\000.\000t\000e\000n\000s\000o\000r\000O\000b\000j\000\040\000s\000u\000b\000s\000t\000r\000a\000t\000e\000\040\000\050\000A\000.\0001\000.\000c\000.\000S\000u\000b\000T\000\051}{}% 166
\BOOKMARK [1][-]{section.16.1}{\376\377\000M\000o\000t\000i\000v\000a\000t\000i\000o\000n\000:\000\040\000t\000h\000e\000\040\000a\000b\000e\000l\000i\000a\000n\000-\000g\000r\000o\000u\000p\000-\000v\000a\000l\000u\000e\000d\000\040\000r\000e\000l\000a\000t\000i\000v\000e\000\040\000P\000i\000c\000a\000r\000d\000\040\000s\000h\000e\000a\000f}{chapter.16}% 167
\BOOKMARK [1][-]{section.16.2}{\376\377\000M\000a\000t\000h\000l\000i\000b\000\040\000A\000P\000I\000\040\000s\000u\000r\000v\000e\000y}{chapter.16}% 168
\BOOKMARK [1][-]{section.16.3}{\376\377\000T\000h\000e\000\040\000s\000u\000b\000s\000t\000r\000a\000t\000e\000\040\000S\000c\000h\000e\000m\000e\000.\000M\000o\000d\000u\000l\000e\000s\000.\000t\000e\000n\000s\000o\000r\000O\000b\000j}{chapter.16}% 169
\BOOKMARK [1][-]{section.16.4}{\376\377\000T\000h\000e\000\040\000l\000i\000f\000t\000\040\000t\000h\000r\000o\000u\000g\000h\000\040\000L\000i\000n\000e\000B\000u\000n\000d\000l\000e\000.\000O\000n\000P\000r\000o\000d\000u\000c\000t}{chapter.16}% 170
\BOOKMARK [1][-]{section.16.5}{\376\377\000R\000o\000u\000t\000e\000\040\000\050\000e\000\051\000:\000\040\000t\000h\000e\000\040\000J\000.\000W\000-\000m\000o\000n\000o\000i\000d\000a\000l\000i\000t\000y\000\040\000i\000n\000s\000t\000a\000n\000c\000e\000\040\000a\000n\000d\000\040\000t\000h\000e\000\040\000l\000o\000c\000a\000l\000i\000z\000e\000d\000\040\000m\000o\000n\000o\000i\000d\000a\000l\000\040\000s\000t\000r\000u\000c\000t\000u\000r\000e}{chapter.16}% 171
\BOOKMARK [1][-]{section.16.6}{\376\377\000T\000h\000e\000\040\000v\000a\000r\000y\000i\000n\000g\000-\000r\000i\000n\000g\000\040\000s\000t\000a\000l\000k\040\023\000t\000e\000n\000s\000o\000r\000\040\000c\000o\000m\000m\000u\000t\000a\000t\000i\000o\000n\000\040\000\050\000d\000.\0002\000\051\000\040\000a\000n\000d\000\040\000t\000h\000e\000\040\000u\000n\000c\000o\000n\000d\000i\000t\000i\000o\000n\000a\000l\000\040\000l\000e\000f\000t\000-\000w\000h\000i\000s\000k\000e\000r\000i\000n\000g}{chapter.16}% 172
\BOOKMARK [2][-]{subsection.16.6.1}{\376\377\000S\000t\000a\000l\000k\040\023\000t\000e\000n\000s\000o\000r\000\040\000c\000o\000m\000p\000a\000r\000i\000s\000o\000n\000\040\000h\000e\000l\000p\000e\000r\000\040\000d\000e\000c\000l\000a\000r\000a\000t\000i\000o\000n\000s}{section.16.6}% 173
\BOOKMARK [1][-]{section.16.7}{\376\377\000t\000e\000n\000s\000o\000r\000-\000i\000n\000v\000e\000r\000t\000i\000b\000i\000l\000i\000t\000y\000\040\000a\000n\000d\000\040\000t\000h\000e\000\040\000c\000o\000m\000m\000u\000t\000a\000t\000i\000v\000e\000-\000m\000o\000n\000o\000i\000d\000\040\000g\000r\000o\000u\000p\000-\000l\000a\000w\000\040\000e\000n\000g\000i\000n\000e}{chapter.16}% 174
\BOOKMARK [1][-]{section.16.8}{\376\377\000P\000u\000l\000l\000b\000a\000c\000k\000-\000m\000o\000n\000o\000i\000d\000a\000l\000i\000t\000y\000:\000\040\000i\000n\000v\000e\000r\000t\000i\000b\000i\000l\000i\000t\000y\000\040\000u\000n\000d\000e\000r\000\040\000a\000\040\000g\000e\000n\000e\000r\000a\000l\000\040\000s\000c\000h\000e\000m\000e\000\040\000m\000o\000r\000p\000h\000i\000s\000m}{chapter.16}% 175
\BOOKMARK [2][-]{subsection.16.8.1}{\376\377\000T\000h\000e\000\040\000u\000n\000i\000t\000\040\000s\000q\000u\000a\000r\000e\000\040\000\050\000D\0002\000'\000\051\000:\000\040\000a\000\040\000m\000a\000t\000e\000-\000c\000a\000l\000c\000u\000l\000u\000s\000\040\000t\000e\000l\000e\000s\000c\000o\000p\000e}{section.16.8}% 176
\BOOKMARK [1][-]{section.16.9}{\376\377\000T\000h\000e\000\040\000i\000n\000v\000e\000r\000t\000i\000b\000i\000l\000i\000t\000y\000-\000c\000a\000r\000r\000i\000e\000r\000\040\000P\000i\000c\000a\000r\000d\000\040\000g\000r\000o\000u\000p}{chapter.16}% 177
\BOOKMARK [1][-]{section.16.10}{\376\377\000C\000o\000n\000s\000u\000m\000e\000r\000:\000\040\000t\000h\000e\000\040\000A\000d\000d\000C\000o\000m\000m\000G\000r\000o\000u\000p\000\040\000i\000n\000s\000t\000a\000n\000c\000e\000\040\000f\000o\000r\000\040\000t\000h\000e\000\040\000r\000e\000l\000a\000t\000i\000v\000e\000\040\000P\000i\000c\000a\000r\000d\000\040\000s\000h\000e\000a\000f}{chapter.16}% 178
\BOOKMARK [1][-]{section.16.11}{\376\377\000O\000u\000t\000\040\000o\000f\000\040\000s\000c\000o\000p\000e}{chapter.16}% 179
\BOOKMARK [1][-]{section.16.12}{\376\377\000I\000n\000t\000e\000r\000n\000a\000l\000-\000c\000o\000n\000s\000i\000s\000t\000e\000n\000c\000y\000\040\000c\000h\000e\000c\000k}{chapter.16}% 180
\BOOKMARK [1][-]{section.16.13}{\376\377\000S\000h\000e\000a\000f\000\040\000i\000n\000t\000e\000r\000n\000a\000l\000-\000h\000o\000m\000\040\000o\000f\000\040\000O\000\137\000X\000-\000m\000o\000d\000u\000l\000e\000s\000\040\000\050\000t\000h\000e\000\040\000t\000e\000n\000s\000o\000r\000-\000i\000n\000v\000e\000r\000s\000e\000\040\000i\000n\000f\000r\000a\000s\000t\000r\000u\000c\000t\000u\000r\000e\000\051}{chapter.16}% 181
\BOOKMARK [2][-]{subsection.16.13.1}{\376\377\000D\000u\000a\000l\000-\000i\000n\000v\000e\000r\000s\000e\000\040\000l\000a\000n\000e\000:\000\040\000t\000h\000e\000\040\000s\000l\000i\000c\000e\000-\000t\000r\000a\000n\000s\000p\000o\000r\000t\000\040\000h\000e\000l\000p\000e\000r\000\040\000d\000e\000c\000l\000a\000r\000a\000t\000i\000o\000n\000s}{section.16.13}% 182
\BOOKMARK [2][-]{subsection.16.13.2}{\376\377\000I\000n\000t\000e\000r\000n\000a\000l\000-\000h\000o\000m\000\040\000a\000n\000d\000\040\000r\000e\000s\000t\000r\000i\000c\000t\000-\000s\000c\000a\000l\000a\000r\000s\000\040\000h\000e\000l\000p\000e\000r\000\040\000d\000e\000c\000l\000a\000r\000a\000t\000i\000o\000n\000s}{section.16.13}% 183
\BOOKMARK [2][-]{subsection.16.13.3}{\376\377\000V\000e\000s\000t\000i\000g\000i\000a\000l\000\040\000/\000\040\000o\000f\000f\000-\000p\000a\000t\000h\000\040\000h\000e\000l\000p\000e\000r\000\040\000d\000e\000c\000l\000a\000r\000a\000t\000i\000o\000n\000s}{section.16.13}% 184
\BOOKMARK [1][-]{section.16.14}{\376\377\000S\000u\000b\000s\000t\000r\000a\000t\000e\000\040\000h\000e\000l\000p\000e\000r\000\040\000d\000e\000c\000l\000a\000r\000a\000t\000i\000o\000n\000s\000\040\000\050\000w\000i\000r\000e\000d\000\040\000l\000e\000a\000n\000-\000a\000u\000x\000\040\000b\000l\000o\000c\000k\000s\000\051}{chapter.16}% 185
\BOOKMARK [2][-]{subsection.16.14.1}{\376\377\000C\000h\000a\000n\000g\000e\000-\000o\000f\000-\000r\000i\000n\000g\000s\000,\000\040\000l\000a\000x\000-\000m\000u\000\040\000a\000n\000d\000\040\000e\000x\000t\000e\000n\000d\000S\000c\000a\000l\000a\000r\000s\000\040\000h\000e\000l\000p\000e\000r\000s}{section.16.14}% 186
\BOOKMARK [2][-]{subsection.16.14.2}{\376\377\000T\000h\000e\000\040\000P\000i\000c\000a\000r\000d\000\040\000q\000u\000o\000t\000i\000e\000n\000t\000:\000\040\000s\000e\000t\000o\000i\000d\000,\000\040\000m\000u\000l\000t\000i\000p\000l\000i\000c\000a\000t\000i\000o\000n\000\040\000a\000n\000d\000\040\000i\000n\000v\000e\000r\000s\000e}{section.16.14}% 187
\BOOKMARK [0][-]{chapter.17}{\376\377\000T\000h\000e\000\040\000s\000h\000e\000a\000f\000-\000o\000f\000-\000m\000o\000d\000u\000l\000e\000s\000\040\000o\000v\000e\000r\000-\000e\000q\000u\000i\000v\000a\000l\000e\000n\000c\000e\000\040\000\050\000s\000h\000a\000r\000e\000d\000\040\000s\000l\000i\000c\000e\000\040\000r\000o\000o\000t\000\051}{}% 188
\BOOKMARK [1][-]{section.17.1}{\376\377\000T\000h\000e\000\040\000e\000q\000u\000i\000v\000a\000l\000e\000n\000c\000e}{chapter.17}% 189
\BOOKMARK [2][-]{subsection.17.1.1}{\376\377\000S\000u\000b\000s\000t\000r\000a\000t\000e\000\040\000h\000e\000l\000p\000e\000r\000s\000\040\000f\000o\000r\000\040\000t\000h\000e\000\040\000e\000q\000u\000i\000v\000a\000l\000e\000n\000c\000e}{section.17.1}% 190
\BOOKMARK [1][-]{section.17.2}{\376\377\000T\000h\000e\000\040\000e\000q\000u\000i\000v\000a\000l\000e\000n\000c\000e\000\040\000c\000a\000r\000r\000i\000e\000s\000\040\000r\000e\000s\000t\000r\000i\000c\000t\000i\000o\000n\000\040\000a\000n\000d\000\040\000u\000n\000i\000t}{chapter.17}% 191
\BOOKMARK [2][-]{subsection.17.2.1}{\376\377\000S\000u\000b\000s\000t\000r\000a\000t\000e\000\040\000h\000e\000l\000p\000e\000r\000s\000\040\000f\000o\000r\000\040\000t\000h\000e\000\040\000r\000e\000s\000t\000r\000i\000c\000t\000i\000o\000n\000\040\000c\000o\000m\000p\000a\000r\000i\000s\000o\000n}{section.17.2}% 192
\BOOKMARK [1][-]{section.17.3}{\376\377\000T\000h\000e\000\040\000e\000n\000g\000i\000n\000e\000\040\000c\000o\000r\000o\000l\000l\000a\000r\000y}{chapter.17}% 193
\BOOKMARK [0][-]{chapter.18}{\376\377\000C\000o\000h\000e\000r\000e\000n\000c\000e\000\040\000o\000f\000\040\000l\000o\000c\000a\000l\000l\000y\000\040\000t\000r\000i\000v\000i\000a\000l\000\040\000l\000i\000n\000e\000\040\000b\000u\000n\000d\000l\000e\000s}{}% 194
\BOOKMARK [1][-]{section.18.1}{\376\377\000S\000e\000t\000u\000p\000\040\000a\000n\000d\000\040\000m\000o\000t\000i\000v\000a\000t\000i\000o\000n}{chapter.18}% 195
\BOOKMARK [1][-]{section.18.2}{\376\377\000S\000i\000t\000e\000\040\000i\000n\000s\000t\000a\000n\000c\000e\000s\000\040\000f\000o\000r\000\040\000q\000u\000a\000s\000i\000-\000c\000o\000h\000e\000r\000e\000n\000t\000\040\000d\000a\000t\000a}{chapter.18}% 196
\BOOKMARK [1][-]{section.18.3}{\376\377\000F\000r\000o\000m\000\040\000p\000o\000i\000n\000t\000w\000i\000s\000e\000\040\000t\000r\000i\000v\000i\000a\000l\000i\000t\000y\000\040\000t\000o\000\040\000a\000\040\000t\000r\000i\000v\000i\000a\000l\000i\000s\000i\000n\000g\000\040\000c\000o\000v\000e\000r}{chapter.18}% 197
\BOOKMARK [1][-]{section.18.4}{\376\377\000T\000h\000e\000\040\000c\000a\000n\000o\000n\000i\000c\000a\000l\000\040\000p\000r\000e\000s\000e\000n\000t\000a\000t\000i\000o\000n\000\040\000o\000f\000\040\000t\000h\000e\000\040\000u\000n\000i\000t\000\040\000m\000o\000d\000u\000l\000e}{chapter.18}% 198
\BOOKMARK [1][-]{section.18.5}{\376\377\000T\000h\000e\000\040\000t\000r\000i\000v\000i\000a\000l\000\040\000p\000r\000e\000s\000e\000n\000t\000a\000t\000i\000o\000n\000\040\000o\000n\000\040\000a\000\040\000c\000h\000a\000r\000t}{chapter.18}% 199
\BOOKMARK [1][-]{section.18.6}{\376\377\000F\000i\000n\000i\000t\000e\000\040\000p\000r\000e\000s\000e\000n\000t\000a\000t\000i\000o\000n\000\040\000o\000f\000\040\000a\000\040\000l\000o\000c\000a\000l\000l\000y\000\040\000t\000r\000i\000v\000i\000a\000l\000\040\000l\000i\000n\000e\000\040\000b\000u\000n\000d\000l\000e}{chapter.18}% 200
\BOOKMARK [1][-]{section.18.7}{\376\377\000R\000a\000n\000k\000\040\000o\000n\000e\000\040\000a\000n\000d\000\040\000f\000l\000a\000t\000n\000e\000s\000s\000\040\000r\000e\000c\000o\000r\000d}{chapter.18}% 201
\BOOKMARK [0][-]{chapter.19}{\376\377\000F\000l\000a\000t\000t\000e\000n\000i\000n\000g\000\040\000S\000t\000r\000a\000t\000i\000f\000i\000c\000a\000t\000i\000o\000n\000\040\000o\000f\000\040\000a\000\040\000C\000o\000h\000e\000r\000e\000n\000t\000\040\000S\000h\000e\000a\000f}{}% 202
\BOOKMARK [1][-]{section.19.1}{\376\377\000S\000e\000t\000u\000p\000\040\000a\000n\000d\000\040\000m\000o\000t\000i\000v\000a\000t\000i\000o\000n}{chapter.19}% 203
\BOOKMARK [1][-]{section.19.2}{\376\377\000C\000o\000h\000e\000r\000e\000n\000t\000\040\000f\000l\000a\000t\000n\000e\000s\000s\000\040\000o\000v\000e\000r\000\040\000a\000\040\000b\000a\000s\000e}{chapter.19}% 204
\BOOKMARK [1][-]{section.19.3}{\376\377\000G\000e\000n\000e\000r\000i\000c\000\040\000f\000l\000a\000t\000n\000e\000s\000s}{chapter.19}% 205
\BOOKMARK [1][-]{section.19.4}{\376\377\000E\000x\000i\000s\000t\000e\000n\000c\000e\000\040\000o\000f\000\040\000t\000h\000e\000\040\000f\000l\000a\000t\000t\000e\000n\000i\000n\000g\000\040\000s\000t\000r\000a\000t\000i\000f\000i\000c\000a\000t\000i\000o\000n}{chapter.19}% 206
\BOOKMARK [2][-]{subsection.19.4.1}{\376\377\000L\000e\000a\000n\000-\000s\000i\000d\000e\000\040\000e\000n\000c\000o\000d\000i\000n\000g\000s\000\040\000o\000f\000\040\000t\000h\000e\000\040\000s\000u\000b\000-\000l\000e\000m\000m\000a\000s}{section.19.4}% 207
\BOOKMARK [1][-]{section.19.5}{\376\377\000U\000n\000i\000v\000e\000r\000s\000a\000l\000\040\000p\000r\000o\000p\000e\000r\000t\000y\000\040\000o\000f\000\040\000t\000h\000e\000\040\000s\000t\000r\000a\000t\000a}{chapter.19}% 208
\BOOKMARK [1][-]{section.19.6}{\376\377\000A\000p\000p\000l\000i\000c\000a\000t\000i\000o\000n\000:\000\040\000r\000e\000l\000a\000t\000i\000v\000e\000\040\000c\000u\000r\000v\000e\000s}{chapter.19}% 209
\BOOKMARK [1][-]{section.19.7}{\376\377\000M\000a\000t\000h\000l\000i\000b\000\040\000s\000t\000a\000t\000u\000s}{chapter.19}% 210
\BOOKMARK [1][-]{section.19.8}{\376\377\000O\000u\000t\000\040\000o\000f\000\040\000s\000c\000o\000p\000e}{chapter.19}% 211
\BOOKMARK [0][-]{chapter.20}{\376\377\000T\000h\000e\000\040\000Q\000u\000o\000t\000\040\000s\000c\000h\000e\000m\000e}{}% 212
\BOOKMARK [1][-]{section.20.1}{\376\377\000S\000e\000t\000u\000p\000\040\000a\000n\000d\000\040\000m\000o\000t\000i\000v\000a\000t\000i\000o\000n}{chapter.20}% 213
\BOOKMARK [1][-]{section.20.2}{\376\377\000H\000i\000l\000b\000e\000r\000t\000\040\000p\000o\000l\000y\000n\000o\000m\000i\000a\000l\000\040\000o\000f\000\040\000a\000\040\000c\000o\000h\000e\000r\000e\000n\000t\000\040\000s\000h\000e\000a\000f}{chapter.20}% 214
\BOOKMARK [1][-]{section.20.3}{\376\377\000G\000r\000a\000d\000e\000d\000\040\000H\000i\000l\000b\000e\000r\000t\000\040\000p\000o\000l\000y\000n\000o\000m\000i\000a\000l}{chapter.20}% 215
\BOOKMARK [2][-]{subsection.20.3.1}{\376\377\000T\000h\000e\000\040\000r\000a\000t\000i\000o\000n\000a\000l\000i\000t\000y\000\040\000t\000o\000o\000l\000k\000i\000t\000\040\000I\000s\000R\000a\000t\000H\000i\000l\000b}{section.20.3}% 216
\BOOKMARK [2][-]{subsection.20.3.2}{\376\377\000T\000h\000e\000\040\000a\000m\000b\000i\000e\000n\000t\000\040\000s\000u\000b\000q\000u\000o\000t\000i\000e\000n\000t\000\040\000i\000n\000d\000u\000c\000t\000i\000o\000n\000\040\000f\000o\000r\000\040\000t\000h\000e\000\040\000S\000t\000a\000c\000k\000s\000\040\0000\0000\000K\0001\000\040\000s\000t\000e\000p}{section.20.3}% 217
\BOOKMARK [1][-]{section.20.4}{\376\377\000S\000u\000p\000p\000o\000r\000t\000\040\000a\000n\000d\000\040\000f\000r\000e\000e\000n\000e\000s\000s\000\040\000p\000r\000e\000d\000i\000c\000a\000t\000e\000s}{chapter.20}% 218
\BOOKMARK [2][-]{subsection.20.4.1}{\376\377\000S\000e\000c\000t\000i\000o\000n\000-\000t\000r\000a\000n\000s\000p\000o\000r\000t\000\040\000p\000r\000o\000d\000u\000c\000e\000r\000\040\000f\000o\000r\000\040\000t\000h\000e\000\040\000b\000a\000s\000i\000c\000-\000o\000p\000e\000n\000\040\000H\000f\000r}{section.20.4}% 219
\BOOKMARK [2][-]{subsection.20.4.2}{\376\377\000G\0001\000-\000a\000s\000s\000e\000m\000b\000l\000e\000:\000\040\000f\000r\000o\000m\000\040\000p\000e\000r\000-\000b\000a\000s\000i\000c\000-\000o\000p\000e\000n\000\040\000s\000e\000c\000t\000i\000o\000n\000\040\000l\000o\000c\000a\000l\000i\000z\000a\000t\000i\000o\000n\000\040\000t\000o\000\040\000t\000h\000e\000\040\000t\000i\000l\000d\000e\000-\000c\000o\000u\000n\000i\000t}{section.20.4}% 220
\BOOKMARK [1][-]{section.20.5}{\376\377\000T\000h\000e\000\040\000Q\000u\000o\000t\000\040\000f\000u\000n\000c\000t\000o\000r}{chapter.20}% 221
\BOOKMARK [1][-]{section.20.6}{\376\377\000T\000h\000e\000\040\000G\000r\000a\000s\000s\000m\000a\000n\000n\000i\000a\000n\000\040\000s\000c\000h\000e\000m\000e}{chapter.20}% 222
\BOOKMARK [1][-]{section.20.7}{\376\377\000R\000e\000p\000r\000e\000s\000e\000n\000t\000a\000b\000i\000l\000i\000t\000y\000\040\000o\000f\000\040\000t\000h\000e\000\040\000Q\000u\000o\000t\000\040\000s\000c\000h\000e\000m\000e}{chapter.20}% 223
\BOOKMARK [1][-]{section.20.8}{\376\377\000S\000u\000b\000-\000l\000e\000m\000m\000a\000s\000\040\000o\000f\000\040\000t\000h\000e\000\040\000c\000o\000n\000s\000t\000r\000u\000c\000t\000i\000o\000n}{chapter.20}% 224
\BOOKMARK [1][-]{section.20.9}{\376\377\000C\000o\000h\000o\000m\000o\000l\000o\000g\000y\000\040\000a\000n\000d\000\040\000b\000a\000s\000e\000\040\000c\000h\000a\000n\000g\000e}{chapter.20}% 225
\BOOKMARK [2][-]{subsection.20.9.1}{\376\377\000P\000r\000o\000j\000e\000c\000t\000-\000s\000i\000d\000e\000\040\000b\000a\000s\000e\000-\000c\000h\000a\000n\000g\000e\000\040\000s\000u\000b\000s\000t\000r\000a\000t\000e}{section.20.9}% 226
\BOOKMARK [2][-]{subsection.20.9.2}{\376\377\000I\000t\000e\000r\000-\0001\0008\0007\000\040\000a\000n\000a\000l\000o\000g\000i\000s\000t\000-\000l\000i\000c\000e\000n\000s\000e\000d\000\040\000n\000a\000m\000e\000d\000\040\000s\000u\000b\000s\000t\000r\000a\000t\000e\000\040\000g\000a\000p\000s}{section.20.9}% 227
\BOOKMARK [2][-]{subsection.20.9.3}{\376\377\000I\000t\000e\000r\000-\0001\0008\0009\000\040\000a\000n\000a\000l\000o\000g\000i\000s\000t\000-\000l\000i\000c\000e\000n\000s\000e\000d\000\040\000u\000n\000b\000u\000n\000d\000l\000e\000\040\000p\000i\000n\000s}{section.20.9}% 228
\BOOKMARK [2][-]{subsection.20.9.4}{\376\377\000I\000t\000e\000r\000-\0001\0009\0005\000\040\000B\000e\000c\000k\000-\000C\000h\000e\000v\000a\000l\000l\000e\000y\000\040\0006\000-\000s\000t\000a\000g\000e\000\040\000d\000e\000c\000o\000m\000p\000o\000s\000i\000t\000i\000o\000n\000\040\000+\000\040\000\050\000N\0001\000\051\040\023\000\050\000N\0004\000\051\000\040\000s\000u\000b\000s\000t\000r\000a\000t\000e}{section.20.9}% 229
\BOOKMARK [1][-]{section.20.10}{\376\377\000L\000e\000a\000n\000\040\000e\000n\000c\000o\000d\000i\000n\000g}{chapter.20}% 230
\BOOKMARK [1][-]{section.20.11}{\376\377\000O\000u\000t\000\040\000o\000f\000\040\000s\000c\000o\000p\000e}{chapter.20}% 231
\BOOKMARK [0][-]{chapter.21}{\376\377\000S\000e\000c\000t\000i\000o\000n\000\040\000g\000r\000a\000d\000e\000d\000\040\000r\000i\000n\000g\000\040\000i\000n\000f\000r\000a\000s\000t\000r\000u\000c\000t\000u\000r\000e\000:\000\040\000t\000e\000n\000s\000o\000r\000\040\000p\000o\000w\000e\000r\000s\000\040\000a\000n\000d\000\040\000g\000r\000a\000d\000e\000d\000\040\000s\000e\000c\000t\000i\000o\000n\000s}{}% 232
\BOOKMARK [1][-]{section.21.1}{\376\377\000T\000e\000n\000s\000o\000r\000\040\000p\000o\000w\000e\000r\000s\000\040\000o\000f\000\040\000a\000\040\000s\000h\000e\000a\000f\000\040\000o\000f\000\040\000m\000o\000d\000u\000l\000e\000s}{chapter.21}% 233
\BOOKMARK [2][-]{subsection.21.1.1}{\376\377\000M\000o\000n\000o\000i\000d\000a\000l\000\040\000s\000t\000r\000u\000c\000t\000u\000r\000e\000\040\000b\000y\000\040\000l\000o\000c\000a\000l\000i\000z\000a\000t\000i\000o\000n\000\040\000t\000r\000a\000n\000s\000p\000o\000r\000t}{section.21.1}% 234
\BOOKMARK [2][-]{subsection.21.1.2}{\376\377\000B\000r\000i\000d\000g\000e\000\040\000l\000e\000m\000m\000a\000s\000\040\000t\000o\000\040\000t\000h\000e\000\040\000c\000a\000n\000o\000n\000i\000c\000a\000l\000\040\000c\000o\000h\000e\000r\000e\000n\000c\000e\000\040\000m\000a\000p\000s}{section.21.1}% 235
\BOOKMARK [2][-]{subsection.21.1.3}{\376\377\000C\000o\000h\000e\000r\000e\000n\000c\000e\000\040\000c\000o\000n\000s\000t\000r\000a\000i\000n\000t\000s\000\040\000o\000f\000\040\000t\000h\000e\000\040\000t\000e\000n\000s\000o\000r\000-\000p\000o\000w\000e\000r\000\040\000c\000o\000m\000p\000a\000r\000i\000s\000o\000n}{section.21.1}% 236
\BOOKMARK [1][-]{section.21.2}{\376\377\000L\000a\000x\000-\000m\000o\000n\000o\000i\000d\000a\000l\000\040\000g\000l\000o\000b\000a\000l\000\040\000s\000e\000c\000t\000i\000o\000n\000s}{chapter.21}% 237
\BOOKMARK [1][-]{section.21.3}{\376\377\000G\000r\000a\000d\000e\000d\000-\000r\000i\000n\000g\000\040\000a\000n\000d\000\040\000g\000r\000a\000d\000e\000d\000-\000m\000o\000d\000u\000l\000e\000\040\000a\000s\000s\000e\000m\000b\000l\000y}{chapter.21}% 238
\BOOKMARK [0][-]{chapter.22}{\376\377\000T\000h\000e\000\040\000G\000r\000a\000s\000s\000m\000a\000n\000n\000i\000a\000n\000\040\000o\000v\000e\000r\000\040\000Z\000:\000\040\000a\000f\000f\000i\000n\000e\000\040\000c\000h\000a\000r\000t\000s\000\040\000a\000n\000d\000\040\000g\000l\000u\000i\000n\000g}{}% 239
\BOOKMARK [1][-]{section.22.1}{\376\377\000S\000e\000t\000-\000u\000p\000:\000\040\000c\000h\000a\000r\000t\000s\000\040\000i\000n\000d\000e\000x\000e\000d\000\040\000b\000y\000\040\000d\000-\000s\000u\000b\000s\000e\000t\000s}{chapter.22}% 240
\BOOKMARK [1][-]{section.22.2}{\376\377\000T\000r\000a\000n\000s\000i\000t\000i\000o\000n\000\040\000m\000a\000p\000s\000\040\000a\000n\000d\000\040\000t\000h\000e\000\040\000c\000o\000c\000y\000c\000l\000e\000\040\000c\000o\000n\000d\000i\000t\000i\000o\000n}{chapter.22}% 241
\BOOKMARK [1][-]{section.22.3}{\376\377\000S\000c\000h\000e\000m\000e\000-\000l\000e\000v\000e\000l\000\040\000g\000l\000u\000e\000-\000d\000a\000t\000a\000\040\000l\000a\000y\000e\000r}{chapter.22}% 242
\BOOKMARK [1][-]{section.22.4}{\376\377\000T\000h\000e\000\040\000g\000l\000u\000e\000d\000\040\000G\000r\000a\000s\000s\000m\000a\000n\000n\000i\000a\000n\000\040\000s\000c\000h\000e\000m\000e}{chapter.22}% 243
\BOOKMARK [1][-]{section.22.5}{\376\377\000S\000e\000p\000a\000r\000a\000t\000e\000d\000n\000e\000s\000s}{chapter.22}% 244
\BOOKMARK [1][-]{section.22.6}{\376\377\000P\000r\000o\000p\000e\000r\000n\000e\000s\000s}{chapter.22}% 245
\BOOKMARK [1][-]{section.22.7}{\376\377\000O\000u\000t\000\040\000o\000f\000\040\000s\000c\000o\000p\000e}{chapter.22}% 246
\BOOKMARK [0][-]{chapter.23}{\376\377\000E\000f\000f\000e\000c\000t\000i\000v\000e\000\040\000d\000e\000s\000c\000e\000n\000t\000:\000\040\000r\000e\000s\000t\000r\000i\000c\000t\000i\000o\000n\000\040\000o\000f\000\040\000t\000h\000e\000\040\000g\000l\000u\000e\000d\000\040\000s\000h\000e\000a\000f\000\040\000t\000o\000\040\000a\000\040\000c\000h\000a\000r\000t}{}% 247
\BOOKMARK [1][-]{section.23.1}{\376\377\000T\000h\000e\000\040\000d\000e\000s\000c\000e\000n\000t\000\040\000e\000q\000u\000a\000l\000i\000z\000e\000r\000\040\000a\000n\000d\000\040\000i\000t\000s\000\040\000o\000v\000e\000r\000l\000a\000p\000\040\000b\000a\000s\000e\000\040\000c\000h\000a\000n\000g\000e}{chapter.23}% 248
\BOOKMARK [1][-]{section.23.2}{\376\377\000T\000h\000e\000\040\000r\000e\000s\000t\000r\000i\000c\000t\000i\000o\000n\000\040\000m\000o\000r\000p\000h\000i\000s\000m\000\040\000a\000n\000d\000\040\000e\000f\000f\000e\000c\000t\000i\000v\000e\000\040\000d\000e\000s\000c\000e\000n\000t}{chapter.23}% 249
\BOOKMARK [1][-]{section.23.3}{\376\377\000C\000o\000n\000s\000t\000r\000u\000c\000t\000i\000o\000n\000\040\000o\000f\000\040\000t\000h\000e\000\040\000i\000n\000v\000e\000r\000s\000e\000:\000\040\000t\000h\000e\000\040\000d\000e\000s\000c\000e\000n\000t\000\040\000o\000b\000l\000i\000g\000a\000t\000i\000o\000n\000s}{chapter.23}% 250
\BOOKMARK [2][-]{subsection.23.3.1}{\376\377\000S\000e\000c\000t\000i\000o\000n\000-\000l\000e\000v\000e\000l\000\040\000c\000o\000m\000p\000a\000t\000i\000b\000i\000l\000i\000t\000i\000e\000s\000\040\000o\000f\000\040\000t\000h\000e\000\040\000o\000v\000e\000r\000l\000a\000p\000\040\000s\000q\000u\000a\000r\000e}{section.23.3}% 251
\BOOKMARK [2][-]{subsection.23.3.2}{\376\377\000B\000r\000i\000d\000g\000e\000s\000\040\000b\000e\000t\000w\000e\000e\000n\000\040\000t\000h\000e\000\040\000g\000e\000o\000m\000e\000t\000r\000i\000c\000\040\000a\000n\000d\000\040\000t\000h\000e\000\040\000s\000i\000t\000e\000-\000l\000e\000v\000e\000l\000\040\000a\000d\000j\000u\000n\000c\000t\000i\000o\000n}{section.23.3}% 252
\BOOKMARK [2][-]{subsection.23.3.3}{\376\377\000T\000h\000e\000\040\000c\000a\000n\000d\000i\000d\000a\000t\000e\000\040\000i\000n\000v\000e\000r\000s\000e}{section.23.3}% 253
\BOOKMARK [2][-]{subsection.23.3.4}{\376\377\000T\000h\000e\000\040\000t\000r\000i\000p\000l\000e\000-\000o\000v\000e\000r\000l\000a\000p\000\040\000t\000o\000o\000l\000k\000i\000t}{section.23.3}% 254
\BOOKMARK [2][-]{subsection.23.3.5}{\376\377\000T\000h\000e\000\040\000f\000i\000r\000s\000t\000\040\000d\000e\000s\000c\000e\000n\000t\000\040\000o\000b\000l\000i\000g\000a\000t\000i\000o\000n}{section.23.3}% 255
\BOOKMARK [2][-]{subsection.23.3.6}{\376\377\000T\000h\000e\000\040\000t\000h\000r\000e\000e\000\040\000c\000o\000c\000y\000c\000l\000e\000\040\000o\000b\000l\000i\000g\000a\000t\000i\000o\000n\000s}{section.23.3}% 256
\BOOKMARK [2][-]{subsection.23.3.7}{\376\377\000J\000o\000i\000n\000t\000\040\000f\000a\000i\000t\000h\000f\000u\000l\000n\000e\000s\000s\000\040\000o\000f\000\040\000c\000h\000a\000r\000t\000\040\000r\000e\000s\000t\000r\000i\000c\000t\000i\000o\000n\000s}{section.23.3}% 257
\BOOKMARK [0][-]{chapter.24}{\376\377\000T\000h\000e\000\040\000t\000a\000u\000t\000o\000l\000o\000g\000i\000c\000a\000l\000\040\000q\000u\000o\000t\000i\000e\000n\000t\000\040\000a\000n\000d\000\040\000t\000h\000e\000\040\000u\000n\000i\000v\000e\000r\000s\000a\000l\000\040\000p\000r\000o\000p\000e\000r\000t\000y\000\040\000o\000f\000\040\000G\000r\000\050\000r\000,\000d\000\051}{}% 258
\BOOKMARK [1][-]{section.24.1}{\376\377\000I\000n\000f\000r\000a\000s\000t\000r\000u\000c\000t\000u\000r\000e\000:\000\040\000l\000o\000c\000a\000l\000l\000y\000\040\000f\000r\000e\000e\000\040\000s\000h\000e\000a\000v\000e\000s\000\040\000a\000n\000d\000\040\000m\000o\000d\000u\000l\000e\000\040\000g\000l\000u\000i\000n\000g}{chapter.24}% 259
\BOOKMARK [2][-]{subsection.24.1.1}{\376\377\000P\000u\000l\000l\000b\000a\000c\000k\000\040\000o\000f\000\040\000f\000r\000e\000e\000\040\000s\000h\000e\000a\000v\000e\000s\000\040\000a\000l\000o\000n\000g\000\040\000a\000n\000\040\000a\000r\000b\000i\000t\000r\000a\000r\000y\000\040\000m\000o\000r\000p\000h\000i\000s\000m}{section.24.1}% 260
\BOOKMARK [1][-]{section.24.2}{\376\377\000T\000h\000e\000\040\000t\000a\000u\000t\000o\000l\000o\000g\000i\000c\000a\000l\000\040\000q\000u\000o\000t\000i\000e\000n\000t\000\040\000o\000n\000\040\000t\000h\000e\000\040\000c\000h\000a\000r\000t\000s}{chapter.24}% 261
\BOOKMARK [1][-]{section.24.3}{\376\377\000T\000h\000e\000\040\000G\000L\000d\000\040\000b\000u\000n\000d\000l\000e\000\040\000t\000r\000a\000n\000s\000i\000t\000i\000o\000n\000\040\000c\000o\000c\000y\000c\000l\000e}{chapter.24}% 262
\BOOKMARK [2][-]{subsection.24.3.1}{\376\377\000M\000a\000t\000r\000i\000x\000-\000c\000a\000l\000c\000u\000l\000u\000s\000\040\000t\000o\000o\000l\000b\000o\000x}{section.24.3}% 263
\BOOKMARK [1][-]{section.24.4}{\376\377\000T\000h\000e\000\040\000f\000u\000n\000c\000t\000o\000r\000\040\000o\000f\000\040\000p\000o\000i\000n\000t\000s}{chapter.24}% 264
\BOOKMARK [1][-]{section.24.5}{\376\377\000T\000h\000e\000\040\000u\000n\000i\000v\000e\000r\000s\000a\000l\000\040\000p\000r\000o\000p\000e\000r\000t\000y}{chapter.24}% 265
\BOOKMARK [2][-]{subsection.24.5.1}{\376\377\000O\000v\000e\000r\000l\000a\000p\000\040\000c\000o\000m\000p\000a\000t\000i\000b\000i\000l\000i\000t\000y\000\040\000o\000f\000\040\000t\000h\000e\000\040\000c\000h\000a\000r\000t\000\040\000m\000o\000r\000p\000h\000i\000s\000m\000s}{section.24.5}% 266
\BOOKMARK [0][-]{chapter.25}{\376\377\000F\000G\000A\000\040\000r\000e\000p\000r\000e\000s\000e\000n\000t\000a\000b\000i\000l\000i\000t\000y\000\040\000o\000f\000\040\000t\000h\000e\000\040\000P\000i\000c\000a\000r\000d\000\040\000s\000c\000h\000e\000m\000e}{}% 267
\BOOKMARK [1][-]{section.25.1}{\376\377\000S\000e\000t\000u\000p\000\040\000a\000n\000d\000\040\000m\000o\000t\000i\000v\000a\000t\000i\000o\000n}{chapter.25}% 268
\BOOKMARK [1][-]{section.25.2}{\376\377\000L\000i\000n\000e\000\040\000b\000u\000n\000d\000l\000e\000s\000\040\000a\000n\000d\000\040\000t\000h\000e\000\040\000Q\000u\000o\000t\000\040\000/\000\040\000H\000i\000l\000b\000e\000r\000t\000\040\000s\000c\000h\000e\000m\000e}{chapter.25}% 269
\BOOKMARK [1][-]{section.25.3}{\376\377\000T\000h\000e\000\040\000F\000G\000A\000\040\000r\000e\000p\000r\000e\000s\000e\000n\000t\000a\000b\000i\000l\000i\000t\000y\000\040\000t\000h\000e\000o\000r\000e\000m}{chapter.25}% 270
\BOOKMARK [2][-]{subsection.25.3.1}{\376\377\000T\000h\000e\000\040\000s\000m\000o\000o\000t\000h\000-\000p\000r\000o\000p\000e\000r\000\040\000q\000u\000o\000t\000i\000e\000n\000t\000\040\000l\000e\000m\000m\000a}{section.25.3}% 271
\BOOKMARK [1][-]{section.25.4}{\376\377\000G\000r\000o\000u\000p\000-\000s\000c\000h\000e\000m\000e\000\040\000s\000t\000r\000u\000c\000t\000u\000r\000e}{chapter.25}% 272
\BOOKMARK [1][-]{section.25.5}{\376\377\000T\000h\000e\000\040\000P\000i\000c\000a\000r\000d\000\040\000s\000c\000h\000e\000m\000e\000:\000\040\000t\000h\000e\000\040\000n\000a\000m\000e\000d\000\040\000d\000e\000c\000l\000a\000r\000a\000t\000i\000o\000n}{chapter.25}% 273
\BOOKMARK [1][-]{section.25.6}{\376\377\000L\000e\000a\000n\000\040\000e\000n\000c\000o\000d\000i\000n\000g}{chapter.25}% 274
\BOOKMARK [1][-]{section.25.7}{\376\377\000T\000y\000p\000e\000c\000l\000a\000s\000s\000\040\000s\000c\000a\000f\000f\000o\000l\000d\000i\000n\000g\000\040\000f\000o\000r\000\040\000t\000h\000e\000\040\000r\000e\000p\000r\000e\000s\000e\000n\000t\000a\000b\000i\000l\000i\000t\000y\000\040\000a\000s\000s\000e\000m\000b\000l\000y}{chapter.25}% 275
\BOOKMARK [2][-]{subsection.25.7.1}{\376\377\000C\000a\000r\000r\000i\000e\000r\000s\000\040\000f\000o\000r\000\040\000t\000h\000e\000\040\000s\000i\000b\000l\000i\000n\000g\000-\000c\000h\000a\000p\000t\000e\000r\000\040\000f\000u\000n\000c\000t\000o\000r\000s}{section.25.7}% 276
\BOOKMARK [2][-]{subsection.25.7.2}{\376\377\000C\000a\000r\000r\000i\000e\000r\000\040\000f\000o\000r\000\040\000t\000h\000e\000\040\000A\000b\000e\000l\000\040\000m\000a\000p}{section.25.7}% 277
\BOOKMARK [2][-]{subsection.25.7.3}{\376\377\000C\000a\000r\000r\000i\000e\000r\000\040\000f\000o\000r\000\040\000t\000h\000e\000\040\000s\000m\000o\000o\000t\000h\000-\000p\000r\000o\000p\000e\000r\000\040\000q\000u\000o\000t\000i\000e\000n\000t}{section.25.7}% 278
\BOOKMARK [2][-]{subsection.25.7.4}{\376\377\000C\000a\000r\000r\000i\000e\000r\000s\000\040\000f\000o\000r\000\040\000t\000h\000e\000\040\000P\000i\000c\000a\000r\000d\000\040\000s\000c\000h\000e\000m\000e\000\040\000a\000n\000d\000\040\000i\000t\000s\000\040\000s\000t\000r\000u\000c\000t\000u\000r\000e}{section.25.7}% 279
\BOOKMARK [1][-]{section.25.8}{\376\377\000S\000o\000r\000r\000y\000-\000b\000y\000-\000s\000o\000r\000r\000y\000\040\000c\000l\000o\000s\000u\000r\000e\000\040\000o\000r\000d\000e\000r}{chapter.25}% 280
\BOOKMARK [2][-]{subsection.25.8.1}{\376\377\000S\000o\000r\000r\000y\000\040\0001\000\040\040\024\000\040\000i\000n\000s\000t\000H\000a\000s\000P\000i\000c\000S\000h\000a\000r\000p\000\040\000\050\000L\0001\0004\0009\000\051}{section.25.8}% 281
\BOOKMARK [2][-]{subsection.25.8.2}{\376\377\000S\000o\000r\000r\000y\000\040\0002\000\040\040\024\000\040\000i\000n\000s\000t\000H\000a\000s\000D\000i\000v\000F\000u\000n\000c\000t\000o\000r\000\040\000\050\000L\0001\0007\0006\000\051}{section.25.8}% 282
\BOOKMARK [2][-]{subsection.25.8.3}{\376\377\000S\000o\000r\000r\000y\000\040\0003\000\040\040\024\000\040\000i\000n\000s\000t\000H\000a\000s\000A\000b\000e\000l\000M\000a\000p\000\040\000\050\000L\0002\0009\0004\000\051}{section.25.8}% 283
\BOOKMARK [2][-]{subsection.25.8.4}{\376\377\000S\000o\000r\000r\000y\000\040\0004\000\040\040\024\000\040\000i\000n\000s\000t\000H\000a\000s\000S\000m\000o\000o\000t\000h\000P\000r\000o\000p\000e\000r\000Q\000u\000o\000t\000i\000e\000n\000t\000\040\000\050\000L\0003\0004\0009\000\051}{section.25.8}% 284
\BOOKMARK [2][-]{subsection.25.8.5}{\376\377\000S\000o\000r\000r\000y\000\040\0005\000\040\040\024\000\040\000i\000n\000s\000t\000H\000a\000s\000P\000i\000c\000S\000c\000h\000e\000m\000e\000\040\000\050\000L\0002\0003\0006\000\051}{section.25.8}% 285
\BOOKMARK [2][-]{subsection.25.8.6}{\376\377\000S\000o\000r\000r\000y\000\040\0006\000\040\040\024\000\040\000i\000n\000s\000t\000P\000i\000c\000S\000h\000a\000r\000p\000R\000e\000p\000r\000e\000s\000e\000n\000t\000a\000b\000l\000e\000\040\000\050\000L\0004\0000\0009\000\051}{section.25.8}% 286
\BOOKMARK [2][-]{subsection.25.8.7}{\376\377\000S\000o\000r\000r\000y\000\040\0007\000\040\040\024\000\040\000i\000n\000s\000t\000P\000i\000c\000S\000c\000h\000e\000m\000e\000G\000r\000o\000u\000p\000O\000b\000j\000e\000c\000t\000\040\000\050\000L\0004\0006\0005\000\051}{section.25.8}% 287
\BOOKMARK [2][-]{subsection.25.8.8}{\376\377\000C\000l\000o\000s\000u\000r\000e\000-\000o\000r\000d\000e\000r\000\040\000s\000u\000m\000m\000a\000r\000y}{section.25.8}% 288
\BOOKMARK [1][-]{section.25.9}{\376\377\000O\000u\000t\000\040\000o\000f\000\040\000s\000c\000o\000p\000e}{chapter.25}% 289
\BOOKMARK [1][-]{section.25.10}{\376\377\000I\000n\000t\000e\000r\000n\000a\000l\000-\000c\000o\000n\000s\000i\000s\000t\000e\000n\000c\000y\000\040\000c\000h\000e\000c\000k}{chapter.25}% 290
\BOOKMARK [0][-]{chapter.26}{\376\377\000T\000h\000e\000\040\000i\000d\000e\000n\000t\000i\000t\000y\000\040\000c\000o\000m\000p\000o\000n\000e\000n\000t\000\040\000o\000f\000\040\000t\000h\000e\000\040\000P\000i\000c\000a\000r\000d\000\040\000s\000c\000h\000e\000m\000e}{}% 291
\BOOKMARK [1][-]{section.26.1}{\376\377\000S\000e\000t\000u\000p\000\040\000a\000n\000d\000\040\000m\000o\000t\000i\000v\000a\000t\000i\000o\000n}{chapter.26}% 292
\BOOKMARK [1][-]{section.26.2}{\376\377\000T\000h\000e\000\040\000i\000d\000e\000n\000t\000i\000t\000y\000\040\000c\000o\000m\000p\000o\000n\000e\000n\000t\000\040\000o\000f\000\040\000a\000\040\000g\000r\000o\000u\000p\000\040\000s\000c\000h\000e\000m\000e}{chapter.26}% 293
\BOOKMARK [2][-]{subsection.26.2.1}{\376\377\000T\000o\000p\000o\000l\000o\000g\000i\000c\000a\000l\000\040\000a\000n\000d\000\040\000c\000o\000n\000n\000e\000c\000t\000e\000d\000n\000e\000s\000s\000\040\000s\000u\000b\000s\000t\000r\000a\000t\000e\000\040\000\050\000h\000e\000l\000p\000e\000r\000\040\000l\000e\000m\000m\000a\000s\000\051}{section.26.2}% 294
\BOOKMARK [1][-]{section.26.3}{\376\377\000T\000h\000e\000\040\000i\000d\000e\000n\000t\000i\000t\000y\000\040\000c\000o\000m\000p\000o\000n\000e\000n\000t\000\040\000o\000f\000\040\000t\000h\000e\000\040\000P\000i\000c\000a\000r\000d\000\040\000s\000c\000h\000e\000m\000e}{chapter.26}% 295
\BOOKMARK [1][-]{section.26.4}{\376\377\000T\000h\000e\000\040\000d\000e\000g\000r\000e\000e\000\040\000m\000a\000p}{chapter.26}% 296
\BOOKMARK [1][-]{section.26.5}{\376\377\000T\000h\000e\000\040\000P\000i\000c\000-\000z\000e\000r\000o\000\040\000a\000b\000e\000l\000i\000a\000n\000\040\000v\000a\000r\000i\000e\000t\000y}{chapter.26}% 297
\BOOKMARK [1][-]{section.26.6}{\376\377\000L\000e\000a\000n\000\040\000e\000n\000c\000o\000d\000i\000n\000g}{chapter.26}% 298
\BOOKMARK [1][-]{section.26.7}{\376\377\000O\000u\000t\000\040\000o\000f\000\040\000s\000c\000o\000p\000e}{chapter.26}% 299
\BOOKMARK [1][-]{section.26.8}{\376\377\000I\000n\000t\000e\000r\000n\000a\000l\000-\000c\000o\000n\000s\000i\000s\000t\000e\000n\000c\000y\000\040\000c\000h\000e\000c\000k}{chapter.26}% 300
\BOOKMARK [0][-]{chapter.27}{\376\377\000T\000h\000e\000\040\000i\000d\000e\000n\000t\000i\000t\000y\000\040\000c\000o\000m\000p\000o\000n\000e\000n\000t\000\040\000P\000i\000c\000\040\000a\000s\000\040\000a\000n\000\040\000a\000b\000e\000l\000i\000a\000n\000\040\000v\000a\000r\000i\000e\000t\000y}{}% 301
\BOOKMARK [1][-]{section.27.1}{\376\377\000T\000a\000n\000g\000e\000n\000t\000\040\000s\000p\000a\000c\000e\000\040\000a\000t\000\040\000t\000h\000e\000\040\000i\000d\000e\000n\000t\000i\000t\000y}{chapter.27}% 302
\BOOKMARK [1][-]{section.27.2}{\376\377\000S\000m\000o\000o\000t\000h\000n\000e\000s\000s\000\040\000o\000f\000\040\000P\000i\000c}{chapter.27}% 303
\BOOKMARK [1][-]{section.27.3}{\376\377\000P\000r\000o\000p\000e\000r\000n\000e\000s\000s\000\040\000o\000f\000\040\000P\000i\000c}{chapter.27}% 304
\BOOKMARK [1][-]{section.27.4}{\376\377\000G\000e\000o\000m\000e\000t\000r\000i\000c\000\040\000i\000r\000r\000e\000d\000u\000c\000i\000b\000i\000l\000i\000t\000y\000\040\000o\000f\000\040\000P\000i\000c}{chapter.27}% 305
\BOOKMARK [1][-]{section.27.5}{\376\377\000A\000s\000s\000e\000m\000b\000l\000y\000:\000\040\000P\000i\000c\000\040\000i\000s\000\040\000a\000n\000\040\000a\000b\000e\000l\000i\000a\000n\000\040\000v\000a\000r\000i\000e\000t\000y}{chapter.27}% 306
\BOOKMARK [1][-]{section.27.6}{\376\377\000L\000e\000a\000n\000\040\000e\000n\000c\000o\000d\000i\000n\000g}{chapter.27}% 307
\BOOKMARK [1][-]{section.27.7}{\376\377\000O\000u\000t\000\040\000o\000f\000\040\000s\000c\000o\000p\000e}{chapter.27}% 308
\BOOKMARK [1][-]{section.27.8}{\376\377\000I\000n\000t\000e\000r\000n\000a\000l\000-\000c\000o\000n\000s\000i\000s\000t\000e\000n\000c\000y\000\040\000c\000h\000e\000c\000k}{chapter.27}% 309
\BOOKMARK [0][-]{chapter.28}{\376\377\000C\000o\000d\000i\000m\000e\000n\000s\000i\000o\000n\000-\0001\000\040\000i\000n\000d\000e\000t\000e\000r\000m\000i\000n\000a\000c\000y\000\040\000e\000x\000t\000e\000n\000s\000i\000o\000n\000\040\000\050\000A\000.\0004\000.\000a\000\051}{}% 310
\BOOKMARK [1][-]{section.28.1}{\376\377\000S\000e\000t\000u\000p\000\040\000a\000n\000d\000\040\000m\000o\000t\000i\000v\000a\000t\000i\000o\000n}{chapter.28}% 311
\BOOKMARK [1][-]{section.28.2}{\376\377\000T\000h\000e\000\040\000i\000n\000d\000e\000t\000e\000r\000m\000i\000n\000a\000c\000y\000\040\000l\000o\000c\000u\000s\000\040\000o\000f\000\040\000a\000\040\000r\000a\000t\000i\000o\000n\000a\000l\000\040\000m\000a\000p}{chapter.28}% 312
\BOOKMARK [1][-]{section.28.3}{\376\377\000S\000m\000o\000o\000t\000h\000n\000e\000s\000s\000\040\000y\000i\000e\000l\000d\000s\000\040\000a\000\040\000D\000V\000R\000\040\000a\000t\000\040\000e\000v\000e\000r\000y\000\040\000c\000o\000d\000i\000m\000-\0001\000\040\000p\000o\000i\000n\000t}{chapter.28}% 313
\BOOKMARK [2][-]{subsection.28.3.1}{\376\377\000S\000t\000a\000g\000e\000s\000\040\0005\000a\000/\0005\000b\000:\000\040\000K\000\344\000h\000l\000e\000r\000-\000d\000i\000f\000f\000e\000r\000e\000n\000t\000i\000a\000l\000s\000\040\000l\000o\000c\000a\000l\000i\000s\000a\000t\000i\000o\000n\000\040\000s\000u\000b\000s\000t\000r\000a\000t\000e\000\040\000\050\000i\000t\000e\000r\000-\0001\0009\0003\000\051}{section.28.3}% 314
\BOOKMARK [2][-]{subsection.28.3.2}{\376\377\000S\000t\000a\000g\000e\000\040\0006\000\040\000s\000u\000b\000-\000d\000e\000c\000o\000m\000p\000o\000s\000i\000t\000i\000o\000n\000:\000\040\0000\0000\000O\000E\000\040\000+\000\040\0000\0002\000J\000K\000\040\000c\000h\000a\000i\000n\000\040\000\050\000i\000t\000e\000r\000-\0001\0009\0008\000\051}{section.28.3}% 315
\BOOKMARK [2][-]{subsection.28.3.3}{\376\377\000S\000t\000a\000g\000e\000\040\0006\000.\000A\000\040\000i\000t\000e\000r\000-\0002\0000\0000\000\040\000s\000u\000b\000s\000t\000r\000a\000t\000e\000:\000\040\000S\000t\000a\000c\000k\000s\000\040\0000\0000\000O\000E\000\040\0003\000-\000s\000t\000e\000p\000\040\000d\000e\000c\000o\000m\000p\000o\000s\000i\000t\000i\000o\000n}{section.28.3}% 316
\BOOKMARK [2][-]{subsection.28.3.4}{\376\377\000S\000u\000b\000s\000t\000r\000a\000t\000e\000\040\000l\000e\000m\000m\000a\000s\000\040\000f\000o\000r\000\040\000S\000t\000a\000g\000e\000s\000\040\0000\0000\000O\000E\000\040\000/\000\040\0000\0000\000S\000W\000\040\000a\000n\000d\000\040\000t\000h\000e\000\040\000s\000c\000h\000e\000m\000e\000\040\000b\000r\000i\000d\000g\000e\000s}{section.28.3}% 317
\BOOKMARK [1][-]{section.28.4}{\376\377\000M\000i\000l\000n\000e\000\040\000T\000h\000e\000o\000r\000e\000m\000\040\0003\000.\0001\000:\000\040\000c\000o\000d\000i\000m\000e\000n\000s\000i\000o\000n\000-\000>\000=\000\040\0002\000\040\000e\000x\000t\000e\000n\000s\000i\000o\000n}{chapter.28}% 318
\BOOKMARK [1][-]{section.28.5}{\376\377\000M\000i\000l\000n\000e\000\040\000L\000e\000m\000m\000a\000\040\0003\000.\0003\000:\000\040\000i\000n\000d\000e\000t\000e\000r\000m\000i\000n\000a\000c\000y\000\040\000l\000o\000c\000u\000s\000\040\000o\000f\000\040\000a\000\040\000m\000a\000p\000\040\000t\000o\000\040\000a\000\040\000g\000r\000o\000u\000p\000\040\000v\000a\000r\000i\000e\000t\000y\000\040\000i\000s\000\040\000c\000o\000d\000i\000m\000\040\0001}{chapter.28}% 319
\BOOKMARK [1][-]{section.28.6}{\376\377\000W\000e\000i\000l\000-\000d\000i\000v\000i\000s\000o\000r\000\040\000o\000b\000s\000t\000r\000u\000c\000t\000i\000o\000n\000\040\000t\000o\000\040\000c\000o\000d\000i\000m\000-\0001\000\040\000e\000x\000t\000e\000n\000s\000i\000o\000n}{chapter.28}% 320
\BOOKMARK [1][-]{section.28.7}{\376\377\000L\000e\000a\000n\000\040\000e\000n\000c\000o\000d\000i\000n\000g}{chapter.28}% 321
\BOOKMARK [1][-]{section.28.8}{\376\377\000O\000u\000t\000\040\000o\000f\000\040\000s\000c\000o\000p\000e}{chapter.28}% 322
\BOOKMARK [0][-]{chapter.29}{\376\377\000C\000o\000h\000e\000i\000g\000h\000t\040\023\000K\000r\000u\000l\000l\000\040\000d\000i\000m\000\040\000b\000r\000i\000d\000g\000e\000\040\000f\000o\000r\000\040\000s\000c\000h\000e\000m\000e\000\040\000p\000o\000i\000n\000t\000s}{}% 323
\BOOKMARK [1][-]{section.29.1}{\376\377\000S\000e\000t\000u\000p\000\040\000a\000n\000d\000\040\000m\000o\000t\000i\000v\000a\000t\000i\000o\000n}{chapter.29}% 324
\BOOKMARK [1][-]{section.29.2}{\376\377\000C\000o\000h\000e\000i\000g\000h\000t\000\040\000i\000s\000\040\000p\000r\000e\000s\000e\000r\000v\000e\000d\000\040\000b\000y\000\040\000o\000p\000e\000n\000\040\000i\000m\000m\000e\000r\000s\000i\000o\000n\000s}{chapter.29}% 325
\BOOKMARK [1][-]{section.29.3}{\376\377\000C\000o\000h\000e\000i\000g\000h\000t\000\040\000o\000n\000\040\000S\000p\000e\000c\000\040\000e\000q\000u\000a\000l\000s\000\040\000h\000e\000i\000g\000h\000t\000\040\000i\000n\000\040\000P\000r\000i\000m\000e\000S\000p\000e\000c\000t\000r\000u\000m}{chapter.29}% 326
\BOOKMARK [1][-]{section.29.4}{\376\377\000T\000h\000e\000\040\000c\000o\000h\000e\000i\000g\000h\000t\000\040\000=\000\040\000K\000r\000u\000l\000l\000-\000d\000i\000m\000-\000o\000f\000-\000s\000t\000a\000l\000k\000\040\000b\000r\000i\000d\000g\000e}{chapter.29}% 327
\BOOKMARK [1][-]{section.29.5}{\376\377\000C\000o\000d\000i\000m\000-\0001\000\040\000s\000p\000e\000c\000i\000a\000l\000i\000s\000a\000t\000i\000o\000n\000:\000\040\000s\000y\000n\000t\000h\000e\000s\000i\000s\000i\000n\000g\000\040\000K\000r\000u\000l\000l\000D\000i\000m\000L\000E\000\040\0001}{chapter.29}% 328
\BOOKMARK [1][-]{section.29.6}{\376\377\000C\000o\000n\000s\000u\000m\000e\000r\000\040\000w\000i\000r\000i\000n\000g\000\040\000a\000n\000d\000\040\000t\000h\000e\000\040\000S\000t\000a\000c\000k\000s\000\040\0000\0000\000T\000T\000\040\000c\000a\000r\000v\000e\000-\000o\000u\000t}{chapter.29}% 329
\BOOKMARK [1][-]{section.29.7}{\376\377\000L\000e\000a\000n\000\040\000e\000n\000c\000o\000d\000i\000n\000g}{chapter.29}% 330
\BOOKMARK [1][-]{section.29.8}{\376\377\000O\000u\000t\000\040\000o\000f\000\040\000s\000c\000o\000p\000e}{chapter.29}% 331
\BOOKMARK [0][-]{chapter.30}{\376\377\000A\000u\000s\000l\000a\000n\000d\000e\000r\040\023\000B\000u\000c\000h\000s\000b\000a\000u\000m}{}% 332
\BOOKMARK [1][-]{section.30.1}{\376\377\000S\000e\000t\000u\000p\000\040\000a\000n\000d\000\040\000m\000o\000t\000i\000v\000a\000t\000i\000o\000n}{chapter.30}% 333
\BOOKMARK [1][-]{section.30.2}{\376\377\000D\000e\000p\000t\000h\000\040\000o\000f\000\040\000a\000\040\000m\000o\000d\000u\000l\000e\000\040\000o\000v\000e\000r\000\040\000a\000\040\000l\000o\000c\000a\000l\000\040\000r\000i\000n\000g}{chapter.30}% 334
\BOOKMARK [1][-]{section.30.3}{\376\377\000P\000r\000o\000j\000e\000c\000t\000i\000v\000e\000\040\000d\000i\000m\000e\000n\000s\000i\000o\000n}{chapter.30}% 335
\BOOKMARK [1][-]{section.30.4}{\376\377\000D\000e\000p\000t\000h\000\040\000o\000n\000\040\000a\000\040\000s\000h\000o\000r\000t\000\040\000e\000x\000a\000c\000t\000\040\000s\000e\000q\000u\000e\000n\000c\000e}{chapter.30}% 336
\BOOKMARK [1][-]{section.30.5}{\376\377\000T\000h\000e\000\040\000A\000u\000s\000l\000a\000n\000d\000e\000r\040\023\000B\000u\000c\000h\000s\000b\000a\000u\000m\000\040\000f\000o\000r\000m\000u\000l\000a}{chapter.30}% 337
\BOOKMARK [2][-]{subsection.30.5.1}{\376\377\000I\000n\000d\000u\000c\000t\000i\000v\000e\000-\000s\000t\000e\000p\000\040\000s\000u\000b\000s\000t\000r\000a\000t\000e\000:\000\040\000p\000e\000r\000-\000g\000a\000p\000\040\000d\000e\000c\000o\000m\000p\000o\000s\000i\000t\000i\000o\000n\000\040\000o\000f\000\040\000p\000d\000\050\000M\000\051\000\040\000=\000\040\000k\000+\0001}{section.30.5}% 338
\BOOKMARK [2][-]{subsection.30.5.2}{\376\377\000G\000a\000p\000\040\000\050\0001\000\051\000\040\000f\000i\000r\000s\000t\000-\000s\000t\000e\000p\000\040\000s\000u\000b\000s\000t\000r\000a\000t\000e\000\040\000\050\000i\000t\000e\000r\000-\0001\0009\0009\000\051\000:\000\040\000p\000e\000r\000-\000s\000y\000z\000y\000g\000y\000\040\000m\000i\000n\000i\000m\000a\000l\000\040\000s\000u\000r\000j\000e\000c\000t\000i\000o\000n\000\040\000f\000r\000o\000m\000\040\000a\000\040\000f\000i\000n\000i\000t\000e\000\040\000f\000r\000e\000e\000\040\000m\000o\000d\000u\000l\000e}{section.30.5}% 339
\BOOKMARK [2][-]{subsection.30.5.3}{\376\377\000I\000t\000e\000r\000-\0002\0000\0000\000\040\000A\000L\000I\000G\000N\000\137\000W\000I\000T\000H\000\137\000M\000A\000T\000H\000L\000I\000B\000\040\000p\000i\000v\000o\000t\000:\000\040\000H\000a\000s\000P\000r\000o\000j\000e\000c\000t\000i\000v\000e\000D\000i\000m\000e\000n\000s\000i\000o\000n\000L\000T\000\040\000S\000E\000S\000\040\000d\000e\000s\000c\000e\000n\000t}{section.30.5}% 340
\BOOKMARK [1][-]{section.30.6}{\376\377\000S\000u\000b\000s\000t\000r\000a\000t\000e\000\040\000h\000e\000l\000p\000e\000r\000\040\000d\000e\000c\000l\000a\000r\000a\000t\000i\000o\000n\000s\000\040\000\050\0001\000-\000t\000o\000-\0001\000\040\000L\000e\000a\000n\000\040\000c\000o\000v\000e\000r\000a\000g\000e\000\051}{chapter.30}% 341
\BOOKMARK [2][-]{subsection.30.6.1}{\376\377\000E\000x\000t\000-\000a\000n\000n\000i\000h\000i\000l\000a\000t\000i\000o\000n\000\040\000a\000n\000d\000\040\000d\000e\000p\000t\000h\000-\000b\000o\000u\000n\000d\000\040\000s\000u\000b\000s\000t\000r\000a\000t\000e}{section.30.6}% 342
\BOOKMARK [2][-]{subsection.30.6.2}{\376\377\000D\000e\000p\000t\000h\000\040\000o\000f\000\040\000a\000\040\000c\000o\000n\000s\000t\000a\000n\000t\000\040\000p\000r\000o\000d\000u\000c\000t\000\040\000m\000o\000d\000u\000l\000e}{section.30.6}% 343
\BOOKMARK [2][-]{subsection.30.6.3}{\376\377\000S\000u\000r\000j\000e\000c\000t\000i\000o\000n\000\040\000a\000n\000d\000\040\000p\000r\000o\000j\000e\000c\000t\000i\000v\000e\000-\000d\000i\000m\000e\000n\000s\000i\000o\000n\000\040\000s\000u\000b\000s\000t\000r\000a\000t\000e\000\040\000f\000o\000r\000\040\000t\000h\000e\000\040\000i\000n\000d\000u\000c\000t\000i\000v\000e\000\040\000s\000t\000e\000p}{section.30.6}% 344
\BOOKMARK [2][-]{subsection.30.6.4}{\376\377\000M\000a\000t\000r\000i\000x\000-\000c\000o\000l\000l\000a\000p\000s\000e\000\040\000o\000n\000\040\000E\000x\000t}{section.30.6}% 345
\BOOKMARK [2][-]{subsection.30.6.5}{\376\377\000R\000e\000g\000u\000l\000a\000r\000-\000s\000e\000q\000u\000e\000n\000c\000e\000\040\000a\000n\000d\000\040\000d\000o\000m\000a\000i\000n\000\040\000s\000u\000b\000s\000t\000r\000a\000t\000e\000\040\000f\000o\000r\000\040\000r\000e\000g\000u\000l\000a\000r\000\040\000l\000o\000c\000a\000l\000\040\000r\000i\000n\000g\000s}{section.30.6}% 346
\BOOKMARK [1][-]{section.30.7}{\376\377\000C\000o\000r\000o\000l\000l\000a\000r\000y\000:\000\040\000r\000e\000g\000u\000l\000a\000r\000\040\000l\000o\000c\000a\000l\000\040\000r\000i\000n\000g\000s\000\040\000a\000r\000e\000\040\000C\000o\000h\000e\000n\040\023\000M\000a\000c\000a\000u\000l\000a\000y}{chapter.30}% 347
\BOOKMARK [1][-]{section.30.8}{\376\377\000A\000p\000p\000l\000i\000c\000a\000t\000i\000o\000n\000:\000\040\000c\000o\000d\000i\000m\000-\0001\000\040\000e\000x\000t\000e\000n\000s\000i\000o\000n\000\040\000o\000n\000\040\000a\000\040\000r\000e\000g\000u\000l\000a\000r\000\040\000s\000u\000r\000f\000a\000c\000e\000\040\000\050\000g\000a\000t\000i\000n\000g\000\040\000A\000.\0004\000.\000a\000\051}{chapter.30}% 348
\BOOKMARK [1][-]{section.30.9}{\376\377\000L\000e\000a\000n\000\040\000e\000n\000c\000o\000d\000i\000n\000g}{chapter.30}% 349
\BOOKMARK [1][-]{section.30.10}{\376\377\000O\000u\000t\000\040\000o\000f\000\040\000s\000c\000o\000p\000e}{chapter.30}% 350
\BOOKMARK [0][-]{chapter.31}{\376\377\000M\000i\000l\000n\000e\000\040\000T\000h\000e\000o\000r\000e\000m\000\040\0003\000.\0002\000:\000\040\000R\000a\000t\000i\000o\000n\000a\000l\000\040\000m\000a\000p\000s\000\040\000i\000n\000t\000o\000\040\000a\000b\000e\000l\000i\000a\000n\000\040\000v\000a\000r\000i\000e\000t\000i\000e\000s}{}% 351
\BOOKMARK [1][-]{section.31.1}{\376\377\000S\000e\000t\000u\000p\000\040\000a\000n\000d\000\040\000s\000t\000a\000t\000e\000m\000e\000n\000t}{chapter.31}% 352
\BOOKMARK [1][-]{section.31.2}{\376\377\000W\000h\000y\000\040\000t\000h\000e\000\040\000p\000r\000o\000o\000f\000\040\000i\000s\000\040\000c\000h\000a\000r\000-\000f\000r\000e\000e}{chapter.31}% 353
\BOOKMARK [1][-]{section.31.3}{\376\377\000A\000p\000p\000l\000i\000c\000a\000t\000i\000o\000n\000:\000\040\000t\000h\000e\000\040\000s\000y\000m\000m\000e\000t\000r\000i\000c\000-\000p\000r\000o\000d\000u\000c\000t\000\040\000A\000l\000b\000a\000n\000e\000s\000e\000\040\000m\000a\000p\000\040\000\050\000g\000a\000t\000i\000n\000g\000\040\000A\000.\0004\000.\000d\000\051}{chapter.31}% 354
\BOOKMARK [1][-]{section.31.4}{\376\377\000L\000e\000a\000n\000\040\000e\000n\000c\000o\000d\000i\000n\000g}{chapter.31}% 355
\BOOKMARK [1][-]{section.31.5}{\376\377\000I\000n\000t\000e\000r\000n\000a\000l\000\040\000L\000e\000a\000n\000\040\000h\000e\000l\000p\000e\000r\000\040\000l\000e\000m\000m\000a\000s}{chapter.31}% 356
\BOOKMARK [1][-]{section.31.6}{\376\377\000O\000u\000t\000\040\000o\000f\000\040\000s\000c\000o\000p\000e}{chapter.31}% 357
\BOOKMARK [0][-]{chapter.32}{\376\377\000T\000h\000e\000\040\000A\000l\000b\000a\000n\000e\000s\000e\000\040\000u\000n\000i\000v\000e\000r\000s\000a\000l\000\040\000p\000r\000o\000p\000e\000r\000t\000y\000\040\000o\000f\000\040\000P\000i\000c}{}% 358
\BOOKMARK [1][-]{section.32.1}{\376\377\000S\000e\000t\000u\000p\000\040\000a\000n\000d\000\040\000s\000t\000a\000t\000e\000m\000e\000n\000t}{chapter.32}% 359
\BOOKMARK [1][-]{section.32.2}{\376\377\000F\000i\000l\000e\000-\000i\000n\000t\000e\000r\000n\000a\000l\000\040\000p\000l\000a\000c\000e\000h\000o\000l\000d\000e\000r\000\040\000f\000o\000r\000\040\000P\000i\000c}{chapter.32}% 360
\BOOKMARK [1][-]{section.32.3}{\376\377\000T\000h\000e\000\040\000A\000b\000e\000l\040\023\000J\000a\000c\000o\000b\000i\000\040\000m\000o\000r\000p\000h\000i\000s\000m\000\040\000a\000t\000\040\000a\000\040\000m\000a\000r\000k\000e\000d\000\040\000p\000o\000i\000n\000t}{chapter.32}% 361
\BOOKMARK [1][-]{section.32.4}{\376\377\000T\000h\000e\000\040\000g\000-\000t\000h\000\040\000s\000y\000m\000m\000e\000t\000r\000i\000c\000\040\000p\000o\000w\000e\000r\000\040\000S\000y\000m\000\136\000g\000\040\000C}{chapter.32}% 362
\BOOKMARK [1][-]{section.32.5}{\376\377\000T\000h\000e\000\040\000m\000o\000r\000p\000h\000i\000s\000m\000\040\000S\000y\000m\000\136\000g\000\040\000\134\000v\000a\000r\000p\000h\000i\000:\000\040\000S\000y\000m\000\136\000g\000\040\000C\000\040\000\134\000t\000o\000\040\000A}{chapter.32}% 363
\BOOKMARK [1][-]{section.32.6}{\376\377\000T\000h\000e\000\040\000b\000i\000r\000a\000t\000i\000o\000n\000a\000l\000\040\000m\000o\000r\000p\000h\000i\000s\000m\000\040\000S\000y\000m\000\136\000g\000\040\000C\000\040\000-\000>\000J}{chapter.32}% 364
\BOOKMARK [1][-]{section.32.7}{\376\377\000D\000e\000s\000c\000e\000n\000t\000\040\000t\000h\000r\000o\000u\000g\000h\000\040\000t\000h\000e\000\040\000b\000i\000r\000a\000t\000i\000o\000n\000a\000l\000\040\000q\000u\000o\000t\000i\000e\000n\000t\000\040\000\134\000s\000i\000g\000m\000a}{chapter.32}% 365
\BOOKMARK [1][-]{section.32.8}{\376\377\000C\000o\000n\000n\000e\000c\000t\000i\000n\000g\000\040\000t\000h\000e\000\040\000t\000w\000o\000\040\000f\000a\000c\000t\000o\000r\000i\000s\000a\000t\000i\000o\000n\000\040\000f\000o\000r\000m\000s}{chapter.32}% 366
\BOOKMARK [1][-]{section.32.9}{\376\377\000P\000r\000o\000o\000f\000\040\000o\000f\000\040\000t\000h\000e\000\040\000u\000n\000i\000v\000e\000r\000s\000a\000l\000\040\000p\000r\000o\000p\000e\000r\000t\000y}{chapter.32}% 367
\BOOKMARK [1][-]{section.32.10}{\376\377\000W\000i\000r\000i\000n\000g\000\040\000f\000o\000r\000\040\000t\000h\000e\000\040\000p\000o\000s\000i\000t\000i\000v\000e\000-\000g\000e\000n\000u\000s\000\040\000A\000l\000b\000a\000n\000e\000s\000e\000\040\000w\000i\000t\000n\000e\000s\000s}{chapter.32}% 368
\BOOKMARK [1][-]{section.32.11}{\376\377\000L\000e\000a\000n\000\040\000e\000n\000c\000o\000d\000i\000n\000g}{chapter.32}% 369
\BOOKMARK [1][-]{section.32.12}{\376\377\000O\000u\000t\000\040\000o\000f\000\040\000s\000c\000o\000p\000e}{chapter.32}% 370
\BOOKMARK [0][-]{chapter.33}{\376\377\000W\000e\000i\000l\000\040\000d\000i\000v\000i\000s\000o\000r\000s\000\040\000o\000n\000\040\000a\000\040\000s\000m\000o\000o\000t\000h\000\040\000p\000r\000o\000p\000e\000r\000\040\000c\000u\000r\000v\000e\000\040\000\050\000R\000R\000.\0001\000\051}{}% 371
\BOOKMARK [1][-]{section.33.1}{\376\377\000S\000e\000t\000u\000p\000\040\000a\000n\000d\000\040\000m\000o\000t\000i\000v\000a\000t\000i\000o\000n}{chapter.33}% 372
\BOOKMARK [1][-]{section.33.2}{\376\377\000C\000o\000d\000i\000m\000-\0001\000\040\000c\000y\000c\000l\000e\000\040\000g\000r\000o\000u\000p}{chapter.33}% 373
\BOOKMARK [1][-]{section.33.3}{\376\377\000O\000p\000e\000n\000-\000i\000m\000m\000e\000r\000s\000i\000o\000n\000\040\000d\000e\000s\000c\000e\000n\000t\000\040\000f\000o\000r\000\040\000p\000r\000i\000m\000e\000\040\000d\000i\000v\000i\000s\000o\000r\000s}{chapter.33}% 374
\BOOKMARK [2][-]{subsection.33.3.1}{\376\377\000N\000a\000t\000u\000r\000a\000l\000i\000t\000y\000\040\000o\000f\000\040\000t\000h\000e\000\040\000o\000r\000d\000e\000r\000-\000o\000f\000-\000v\000a\000n\000i\000s\000h\000i\000n\000g\000\040\000a\000c\000r\000o\000s\000s\000\040\000a\000\040\000r\000i\000n\000g\000\040\000i\000s\000o\000m\000o\000r\000p\000h\000i\000s\000m}{section.33.3}% 375
\BOOKMARK [1][-]{section.33.4}{\376\377\000O\000r\000d\000e\000r\000\040\000o\000f\000\040\000a\000\040\000r\000a\000t\000i\000o\000n\000a\000l\000\040\000f\000u\000n\000c\000t\000i\000o\000n\000\040\000a\000t\000\040\000a\000\040\000p\000r\000i\000m\000e\000\040\000d\000i\000v\000i\000s\000o\000r}{chapter.33}% 376
\BOOKMARK [2][-]{subsection.33.4.1}{\376\377\000V\000a\000l\000u\000a\000t\000i\000o\000n\000\040\000i\000d\000e\000n\000t\000i\000t\000i\000e\000s\000\040\000f\000o\000r\000\040\000t\000h\000e\000\040\000o\000r\000d\000e\000r\000\040\000f\000u\000n\000c\000t\000i\000o\000n}{section.33.4}% 377
\BOOKMARK [1][-]{section.33.5}{\376\377\000D\000i\000v\000i\000s\000o\000r\000\040\000o\000f\000\040\000a\000\040\000c\000l\000o\000s\000e\000d\000\040\000p\000o\000i\000n\000t\000\040\000o\000n\000\040\000a\000\040\000c\000u\000r\000v\000e}{chapter.33}% 378
\BOOKMARK [1][-]{section.33.6}{\376\377\000D\000e\000g\000r\000e\000e\000\040\000o\000f\000\040\000a\000\040\000d\000i\000v\000i\000s\000o\000r\000\040\000o\000v\000e\000r\000\040\000a\000n\000\040\000a\000l\000g\000e\000b\000r\000a\000i\000c\000a\000l\000l\000y\000\040\000c\000l\000o\000s\000e\000d\000\040\000b\000a\000s\000e}{chapter.33}% 379
\BOOKMARK [1][-]{section.33.7}{\376\377\000P\000r\000i\000n\000c\000i\000p\000a\000l\000\040\000d\000i\000v\000i\000s\000o\000r\000s}{chapter.33}% 380
\BOOKMARK [1][-]{section.33.8}{\376\377\000P\000o\000s\000i\000t\000i\000v\000e\000\040\000p\000a\000r\000t\000\040\000o\000f\000\040\000a\000\040\000W\000e\000i\000l\000\040\000d\000i\000v\000i\000s\000o\000r}{chapter.33}% 381
\BOOKMARK [1][-]{section.33.9}{\376\377\000D\000i\000v\000i\000s\000o\000r\000\040\000c\000l\000a\000s\000s\000\040\000g\000r\000o\000u\000p}{chapter.33}% 382
\BOOKMARK [1][-]{section.33.10}{\376\377\000O\000u\000t\000\040\000o\000f\000\040\000s\000c\000o\000p\000e}{chapter.33}% 383
