✖ [8318/8325] Building AlgebraicJacobian.Picard.RelativeSpec (5.8s)
trace: .> LEAN_PATH=/AI4M/users/Axel/LeanAlgebraicGeometry/.lake-packages/batteries/.lake/build/lib/lean:/AI4M/users/Axel/LeanAlgebraicGeometry/.lake-packages/Qq/.lake/build/lib/lean:/AI4M/users/Axel/LeanAlgebraicGeometry/.lake-packages/aesop/.lake/build/lib/lean:/AI4M/users/Axel/LeanAlgebraicGeometry/.lake-packages/proofwidgets/.lake/build/lib/lean:/AI4M/users/Axel/LeanAlgebraicGeometry/.lake-packages/importGraph/.lake/build/lib/lean:/AI4M/users/Axel/LeanAlgebraicGeometry/.lake-packages/LeanSearchClient/.lake/build/lib/lean:/AI4M/users/Axel/LeanAlgebraicGeometry/.lake-packages/plausible/.lake/build/lib/lean:/AI4M/users/Axel/LeanAlgebraicGeometry/.lake-packages/MD4Lean/.lake/build/lib/lean:/AI4M/users/Axel/LeanAlgebraicGeometry/.lake-packages/BibtexQuery/.lake/build/lib/lean:/AI4M/users/Axel/LeanAlgebraicGeometry/.lake-packages/UnicodeBasic/.lake/build/lib/lean:/AI4M/users/Axel/LeanAlgebraicGeometry/.lake-packages/Cli/.lake/build/lib/lean:/AI4M/users/Axel/LeanAlgebraicGeometry/.lake-packages/leansqlite/.lake/build/lib/lean:/AI4M/users/Axel/LeanAlgebraicGeometry/.lake-packages/mathlib/.lake/build/lib/lean:/AI4M/users/Axel/LeanAlgebraicGeometry/.lake-packages/checkdecls/.lake/build/lib/lean:/AI4M/users/Axel/LeanAlgebraicGeometry/.lake-packages/doc-gen4/.lake/build/lib/lean:/AI4M/users/Axel/LeanAlgebraicGeometry/SubProjects/GR-quot_closure/.lake/build/lib/lean /AI4M/users/Axel/.elan/toolchains/leanprover--lean4---v4.30.0-rc2/bin/lean /AI4M/users/Axel/LeanAlgebraicGeometry/SubProjects/GR-quot_closure/AlgebraicJacobian/Picard/RelativeSpec.lean -o /AI4M/users/Axel/LeanAlgebraicGeometry/SubProjects/GR-quot_closure/.lake/build/lib/lean/AlgebraicJacobian/Picard/RelativeSpec.olean -i /AI4M/users/Axel/LeanAlgebraicGeometry/SubProjects/GR-quot_closure/.lake/build/lib/lean/AlgebraicJacobian/Picard/RelativeSpec.ilean -c /AI4M/users/Axel/LeanAlgebraicGeometry/SubProjects/GR-quot_closure/.lake/build/ir/AlgebraicJacobian/Picard/RelativeSpec.c --setup /AI4M/users/Axel/LeanAlgebraicGeometry/SubProjects/GR-quot_closure/.lake/build/ir/AlgebraicJacobian/Picard/RelativeSpec.setup.json --json
error: AlgebraicJacobian/Picard/RelativeSpec.lean:291:0: unterminated comment
warning: AlgebraicJacobian/Picard/RelativeSpec.lean:291:0: unclosed sections or namespaces; expected: '

end RelativeSpec

end Scheme

end AlgebraicGeometry'

Note: This linter can be disabled with `set_option linter.style.missingEnd false`
error: Lean exited with code 1
✖ [8319/8325] Building AlgebraicJacobian.Picard.QuotScheme (10s)
trace: .> LEAN_PATH=/AI4M/users/Axel/LeanAlgebraicGeometry/.lake-packages/batteries/.lake/build/lib/lean:/AI4M/users/Axel/LeanAlgebraicGeometry/.lake-packages/Qq/.lake/build/lib/lean:/AI4M/users/Axel/LeanAlgebraicGeometry/.lake-packages/aesop/.lake/build/lib/lean:/AI4M/users/Axel/LeanAlgebraicGeometry/.lake-packages/proofwidgets/.lake/build/lib/lean:/AI4M/users/Axel/LeanAlgebraicGeometry/.lake-packages/importGraph/.lake/build/lib/lean:/AI4M/users/Axel/LeanAlgebraicGeometry/.lake-packages/LeanSearchClient/.lake/build/lib/lean:/AI4M/users/Axel/LeanAlgebraicGeometry/.lake-packages/plausible/.lake/build/lib/lean:/AI4M/users/Axel/LeanAlgebraicGeometry/.lake-packages/MD4Lean/.lake/build/lib/lean:/AI4M/users/Axel/LeanAlgebraicGeometry/.lake-packages/BibtexQuery/.lake/build/lib/lean:/AI4M/users/Axel/LeanAlgebraicGeometry/.lake-packages/UnicodeBasic/.lake/build/lib/lean:/AI4M/users/Axel/LeanAlgebraicGeometry/.lake-packages/Cli/.lake/build/lib/lean:/AI4M/users/Axel/LeanAlgebraicGeometry/.lake-packages/leansqlite/.lake/build/lib/lean:/AI4M/users/Axel/LeanAlgebraicGeometry/.lake-packages/mathlib/.lake/build/lib/lean:/AI4M/users/Axel/LeanAlgebraicGeometry/.lake-packages/checkdecls/.lake/build/lib/lean:/AI4M/users/Axel/LeanAlgebraicGeometry/.lake-packages/doc-gen4/.lake/build/lib/lean:/AI4M/users/Axel/LeanAlgebraicGeometry/SubProjects/GR-quot_closure/.lake/build/lib/lean /AI4M/users/Axel/.elan/toolchains/leanprover--lean4---v4.30.0-rc2/bin/lean /AI4M/users/Axel/LeanAlgebraicGeometry/SubProjects/GR-quot_closure/AlgebraicJacobian/Picard/QuotScheme.lean -o /AI4M/users/Axel/LeanAlgebraicGeometry/SubProjects/GR-quot_closure/.lake/build/lib/lean/AlgebraicJacobian/Picard/QuotScheme.olean -i /AI4M/users/Axel/LeanAlgebraicGeometry/SubProjects/GR-quot_closure/.lake/build/lib/lean/AlgebraicJacobian/Picard/QuotScheme.ilean -c /AI4M/users/Axel/LeanAlgebraicGeometry/SubProjects/GR-quot_closure/.lake/build/ir/AlgebraicJacobian/Picard/QuotScheme.c --setup /AI4M/users/Axel/LeanAlgebraicGeometry/SubProjects/GR-quot_closure/.lake/build/ir/AlgebraicJacobian/Picard/QuotScheme.setup.json --json
warning: AlgebraicJacobian/Picard/QuotScheme.lean:123:18: declaration uses `sorry`
warning: AlgebraicJacobian/Picard/QuotScheme.lean:161:18: declaration uses `sorry`
warning: AlgebraicJacobian/Picard/QuotScheme.lean:198:18: declaration uses `sorry`
warning: AlgebraicJacobian/Picard/QuotScheme.lean:225:8: declaration uses `sorry`
error: AlgebraicJacobian/Picard/QuotScheme.lean:360:75: unexpected token 'end'; expected 'lemma'
error: AlgebraicJacobian/Picard/QuotScheme.lean:404:67: unexpected token '/--'; expected 'lemma'
error: AlgebraicJacobian/Picard/QuotScheme.lean:422:44: unexpected token '/--'; expected 'lemma'
error: AlgebraicJacobian/Picard/QuotScheme.lean:428:36: unexpected token '/--'; expected 'lemma'
error: AlgebraicJacobian/Picard/QuotScheme.lean:433:77: unexpected token '/--'; expected 'lemma'
error: AlgebraicJacobian/Picard/QuotScheme.lean:453:22: unexpected token '/--'; expected 'lemma'
error: AlgebraicJacobian/Picard/QuotScheme.lean:462:55: unexpected token '/-!'; expected 'lemma'
error: AlgebraicJacobian/Picard/QuotScheme.lean:487:17: unexpected token '/--'; expected 'lemma'
error: AlgebraicJacobian/Picard/QuotScheme.lean:498:97: unexpected token '/--'; expected 'lemma'
error: AlgebraicJacobian/Picard/QuotScheme.lean:516:89: unexpected token '/-!'; expected 'lemma'
warning: AlgebraicJacobian/Picard/QuotScheme.lean:702:5: `CategoryTheory.Sheaf.Hom.mk` has been deprecated: Use `CategoryTheory.ObjectProperty.homMk` instead

Note: The updated constant is in a different namespace. Dot notation may need to be changed (e.g., from `x.mk` to `ObjectProperty.homMk x`).
warning: AlgebraicJacobian/Picard/QuotScheme.lean:703:5: `CategoryTheory.Sheaf.Hom.mk` has been deprecated: Use `CategoryTheory.ObjectProperty.homMk` instead

Note: The updated constant is in a different namespace. Dot notation may need to be changed (e.g., from `x.mk` to `ObjectProperty.homMk x`).
warning: AlgebraicJacobian/Picard/QuotScheme.lean:705:19: `CategoryTheory.Sheaf.Hom.mk` has been deprecated: Use `CategoryTheory.ObjectProperty.homMk` instead

Note: The updated constant is in a different namespace. Dot notation may need to be changed (e.g., from `x.mk` to `ObjectProperty.homMk x`).
warning: AlgebraicJacobian/Picard/QuotScheme.lean:711:19: `CategoryTheory.Sheaf.Hom.mk` has been deprecated: Use `CategoryTheory.ObjectProperty.homMk` instead

Note: The updated constant is in a different namespace. Dot notation may need to be changed (e.g., from `x.mk` to `ObjectProperty.homMk x`).
error: AlgebraicJacobian/Picard/QuotScheme.lean:802:69: unexpected token 'namespace'; expected 'lemma'
error: AlgebraicJacobian/Picard/QuotScheme.lean:814:45: unexpected token '/--'; expected 'lemma'
error: AlgebraicJacobian/Picard/QuotScheme.lean:828:53: unexpected token 'set_option'; expected 'lemma'
error: AlgebraicJacobian/Picard/QuotScheme.lean:846:49: unexpected token 'end'; expected 'lemma'
warning: AlgebraicJacobian/Picard/QuotScheme.lean:876:100: This line exceeds the 100 character limit, please shorten it!

Note: This linter can be disabled with `set_option linter.style.longLine false`
error: AlgebraicJacobian/Picard/QuotScheme.lean:902:41: unexpected token '/--'; expected 'lemma'
error: AlgebraicJacobian/Picard/QuotScheme.lean:907:60: unexpected token '/--'; expected 'lemma'
error: AlgebraicJacobian/Picard/QuotScheme.lean:911:32: unexpected token '/--'; expected 'lemma'
error: AlgebraicJacobian/Picard/QuotScheme.lean:919:17: unexpected token 'set_option'; expected 'lemma'
error: AlgebraicJacobian/Picard/QuotScheme.lean:930:35: unexpected token 'set_option'; expected 'lemma'
error: AlgebraicJacobian/Picard/QuotScheme.lean:947:49: unexpected token 'set_option'; expected 'lemma'
error: AlgebraicJacobian/Picard/QuotScheme.lean:965:71: unexpected token '/-!'; expected 'lemma'
error: AlgebraicJacobian/Picard/QuotScheme.lean:980:32: unexpected token '/--'; expected 'lemma'
error: AlgebraicJacobian/Picard/QuotScheme.lean:983:83: unexpected token '/--'; expected 'lemma'
error: AlgebraicJacobian/Picard/QuotScheme.lean:991:99: unexpected token '/--'; expected 'lemma'
error: AlgebraicJacobian/Picard/QuotScheme.lean:997:85: unexpected token '/--'; expected 'lemma'
error: AlgebraicJacobian/Picard/QuotScheme.lean:1007:20: unexpected token '/--'; expected 'lemma'
error: AlgebraicJacobian/Picard/QuotScheme.lean:1022:25: unexpected token '/--'; expected 'lemma'
error: AlgebraicJacobian/Picard/QuotScheme.lean:1039:78: unexpected token '/-!'; expected 'lemma'
error: AlgebraicJacobian/Picard/QuotScheme.lean:1062:40: unexpected token '/--'; expected 'lemma'
error: AlgebraicJacobian/Picard/QuotScheme.lean:1069:33: unexpected token '/-!'; expected 'lemma'
error: AlgebraicJacobian/Picard/QuotScheme.lean:1090:52: unexpected token '/--'; expected 'lemma'
error: AlgebraicJacobian/Picard/QuotScheme.lean:1094:63: unexpected token '/--'; expected 'lemma'
error: AlgebraicJacobian/Picard/QuotScheme.lean:1098:76: unexpected token '/--'; expected 'lemma'
error: AlgebraicJacobian/Picard/QuotScheme.lean:1107:73: unexpected token '/--'; expected 'lemma'
error: AlgebraicJacobian/Picard/QuotScheme.lean:1113:17: unexpected token '/-!'; expected 'lemma'
error: AlgebraicJacobian/Picard/QuotScheme.lean:1134:17: unexpected token '/--'; expected 'lemma'
error: AlgebraicJacobian/Picard/QuotScheme.lean:1143:84: unexpected token '/-!'; expected 'lemma'
error: AlgebraicJacobian/Picard/QuotScheme.lean:1171:48: unexpected token '/--'; expected 'lemma'
error: AlgebraicJacobian/Picard/QuotScheme.lean:1184:86: unexpected token '/-!'; expected 'lemma'
error: AlgebraicJacobian/Picard/QuotScheme.lean:1198:71: unexpected token '/--'; expected 'lemma'
error: AlgebraicJacobian/Picard/QuotScheme.lean:1203:39: unexpected token '/--'; expected 'lemma'
error: AlgebraicJacobian/Picard/QuotScheme.lean:1207:67: unexpected token 'set_option'; expected 'lemma'
error: AlgebraicJacobian/Picard/QuotScheme.lean:1224:72: unexpected token '/--'; expected 'lemma'
error: AlgebraicJacobian/Picard/QuotScheme.lean:1235:18: unexpected token '/-!'; expected 'lemma'
error: AlgebraicJacobian/Picard/QuotScheme.lean:1256:72: unexpected token '/--'; expected 'lemma'
error: AlgebraicJacobian/Picard/QuotScheme.lean:1264:17: unexpected token '/--'; expected 'lemma'
error: AlgebraicJacobian/Picard/QuotScheme.lean:1273:97: unexpected token '/--'; expected 'lemma'
error: AlgebraicJacobian/Picard/QuotScheme.lean:1287:84: unexpected token '/--'; expected 'lemma'
error: AlgebraicJacobian/Picard/QuotScheme.lean:1297:88: unexpected token '/--'; expected 'lemma'
error: AlgebraicJacobian/Picard/QuotScheme.lean:1305:81: unexpected token '/--'; expected 'lemma'
error: AlgebraicJacobian/Picard/QuotScheme.lean:1316:40: unexpected token 'set_option'; expected 'lemma'
error: AlgebraicJacobian/Picard/QuotScheme.lean:1332:83: unexpected token '/-!'; expected 'lemma'
warning: AlgebraicJacobian/Picard/QuotScheme.lean:1336:100: This line exceeds the 100 character limit, please shorten it!

Note: This linter can be disabled with `set_option linter.style.longLine false`
error: AlgebraicJacobian/Picard/QuotScheme.lean:1346:61: unexpected token '/--'; expected 'lemma'
error: AlgebraicJacobian/Picard/QuotScheme.lean:1352:39: unexpected token '/--'; expected 'lemma'
error: AlgebraicJacobian/Picard/QuotScheme.lean:1358:29: unexpected token '/--'; expected 'lemma'
error: AlgebraicJacobian/Picard/QuotScheme.lean:1364:17: unexpected token 'set_option'; expected 'lemma'
error: AlgebraicJacobian/Picard/QuotScheme.lean:1375:89: unexpected token 'set_option'; expected 'lemma'
error: AlgebraicJacobian/Picard/QuotScheme.lean:1383:89: unexpected token '/--'; expected 'lemma'
error: AlgebraicJacobian/Picard/QuotScheme.lean:1388:77: unexpected token 'set_option'; expected 'lemma'
error: AlgebraicJacobian/Picard/QuotScheme.lean:1397:51: unexpected token '/--'; expected 'lemma'
error: AlgebraicJacobian/Picard/QuotScheme.lean:1402:65: unexpected token '/--'; expected 'lemma'
error: AlgebraicJacobian/Picard/QuotScheme.lean:1408:86: unexpected token '/--'; expected 'lemma'
error: AlgebraicJacobian/Picard/QuotScheme.lean:1418:20: unexpected token 'set_option'; expected 'lemma'
error: AlgebraicJacobian/Picard/QuotScheme.lean:1437:42: unexpected token 'end'; expected 'lemma'
error: Lean exited with code 1
✖ [8322/8325] Building AlgebraicJacobian.Picard.GradedHilbertSerre (11s)
trace: .> LEAN_PATH=/AI4M/users/Axel/LeanAlgebraicGeometry/.lake-packages/batteries/.lake/build/lib/lean:/AI4M/users/Axel/LeanAlgebraicGeometry/.lake-packages/Qq/.lake/build/lib/lean:/AI4M/users/Axel/LeanAlgebraicGeometry/.lake-packages/aesop/.lake/build/lib/lean:/AI4M/users/Axel/LeanAlgebraicGeometry/.lake-packages/proofwidgets/.lake/build/lib/lean:/AI4M/users/Axel/LeanAlgebraicGeometry/.lake-packages/importGraph/.lake/build/lib/lean:/AI4M/users/Axel/LeanAlgebraicGeometry/.lake-packages/LeanSearchClient/.lake/build/lib/lean:/AI4M/users/Axel/LeanAlgebraicGeometry/.lake-packages/plausible/.lake/build/lib/lean:/AI4M/users/Axel/LeanAlgebraicGeometry/.lake-packages/MD4Lean/.lake/build/lib/lean:/AI4M/users/Axel/LeanAlgebraicGeometry/.lake-packages/BibtexQuery/.lake/build/lib/lean:/AI4M/users/Axel/LeanAlgebraicGeometry/.lake-packages/UnicodeBasic/.lake/build/lib/lean:/AI4M/users/Axel/LeanAlgebraicGeometry/.lake-packages/Cli/.lake/build/lib/lean:/AI4M/users/Axel/LeanAlgebraicGeometry/.lake-packages/leansqlite/.lake/build/lib/lean:/AI4M/users/Axel/LeanAlgebraicGeometry/.lake-packages/mathlib/.lake/build/lib/lean:/AI4M/users/Axel/LeanAlgebraicGeometry/.lake-packages/checkdecls/.lake/build/lib/lean:/AI4M/users/Axel/LeanAlgebraicGeometry/.lake-packages/doc-gen4/.lake/build/lib/lean:/AI4M/users/Axel/LeanAlgebraicGeometry/SubProjects/GR-quot_closure/.lake/build/lib/lean /AI4M/users/Axel/.elan/toolchains/leanprover--lean4---v4.30.0-rc2/bin/lean /AI4M/users/Axel/LeanAlgebraicGeometry/SubProjects/GR-quot_closure/AlgebraicJacobian/Picard/GradedHilbertSerre.lean -o /AI4M/users/Axel/LeanAlgebraicGeometry/SubProjects/GR-quot_closure/.lake/build/lib/lean/AlgebraicJacobian/Picard/GradedHilbertSerre.olean -i /AI4M/users/Axel/LeanAlgebraicGeometry/SubProjects/GR-quot_closure/.lake/build/lib/lean/AlgebraicJacobian/Picard/GradedHilbertSerre.ilean -c /AI4M/users/Axel/LeanAlgebraicGeometry/SubProjects/GR-quot_closure/.lake/build/ir/AlgebraicJacobian/Picard/GradedHilbertSerre.c --setup /AI4M/users/Axel/LeanAlgebraicGeometry/SubProjects/GR-quot_closure/.lake/build/ir/AlgebraicJacobian/Picard/GradedHilbertSerre.setup.json --json
warning: AlgebraicJacobian/Picard/GradedHilbertSerre.lean:623:0: Definition `AlgebraicGeometry.GradedModule.polyModule` of class type must be marked with `@[reducible]` or `@[implicit_reducible]`
error: AlgebraicJacobian/Picard/GradedHilbertSerre.lean:729:3: Unknown identifier `lastVarAlgHom_surjective`
warning: AlgebraicJacobian/Picard/GradedHilbertSerre.lean:767:55: unused variable `i`

Note: This linter can be disabled with `set_option linter.unusedVariables false`
warning: AlgebraicJacobian/Picard/GradedHilbertSerre.lean:767:57: unused variable `j`

Note: This linter can be disabled with `set_option linter.unusedVariables false`
warning: AlgebraicJacobian/Picard/GradedHilbertSerre.lean:805:58: unused variable `i`

Note: This linter can be disabled with `set_option linter.unusedVariables false`
warning: AlgebraicJacobian/Picard/GradedHilbertSerre.lean:805:60: unused variable `j`

Note: This linter can be disabled with `set_option linter.unusedVariables false`
warning: AlgebraicJacobian/Picard/GradedHilbertSerre.lean:807:58: unused variable `i`

Note: This linter can be disabled with `set_option linter.unusedVariables false`
warning: AlgebraicJacobian/Picard/GradedHilbertSerre.lean:807:60: unused variable `j`

Note: This linter can be disabled with `set_option linter.unusedVariables false`
warning: AlgebraicJacobian/Picard/GradedHilbertSerre.lean:808:17: unused variable `i`

Note: This linter can be disabled with `set_option linter.unusedVariables false`
warning: AlgebraicJacobian/Picard/GradedHilbertSerre.lean:809:58: unused variable `i`

Note: This linter can be disabled with `set_option linter.unusedVariables false`
warning: AlgebraicJacobian/Picard/GradedHilbertSerre.lean:809:60: unused variable `j`

Note: This linter can be disabled with `set_option linter.unusedVariables false`
warning: AlgebraicJacobian/Picard/GradedHilbertSerre.lean:810:17: unused variable `i`

Note: This linter can be disabled with `set_option linter.unusedVariables false`
warning: AlgebraicJacobian/Picard/GradedHilbertSerre.lean:811:60: unused variable `i`

Note: This linter can be disabled with `set_option linter.unusedVariables false`
warning: AlgebraicJacobian/Picard/GradedHilbertSerre.lean:811:62: unused variable `j`

Note: This linter can be disabled with `set_option linter.unusedVariables false`
warning: AlgebraicJacobian/Picard/GradedHilbertSerre.lean:812:17: unused variable `i`

Note: This linter can be disabled with `set_option linter.unusedVariables false`
error: AlgebraicJacobian/Picard/GradedHilbertSerre.lean:967:40: unexpected token '/--'; expected 'lemma'
warning: AlgebraicJacobian/Picard/GradedHilbertSerre.lean:996:15: unused variable `i`

Note: This linter can be disabled with `set_option linter.unusedVariables false`
warning: AlgebraicJacobian/Picard/GradedHilbertSerre.lean:996:17: unused variable `j`

Note: This linter can be disabled with `set_option linter.unusedVariables false`
warning: AlgebraicJacobian/Picard/GradedHilbertSerre.lean:997:16: unused variable `i`

Note: This linter can be disabled with `set_option linter.unusedVariables false`
warning: AlgebraicJacobian/Picard/GradedHilbertSerre.lean:999:17: unused variable `i`

Note: This linter can be disabled with `set_option linter.unusedVariables false`
warning: AlgebraicJacobian/Picard/GradedHilbertSerre.lean:1016:15: unused variable `i`

Note: This linter can be disabled with `set_option linter.unusedVariables false`
warning: AlgebraicJacobian/Picard/GradedHilbertSerre.lean:1016:17: unused variable `j`

Note: This linter can be disabled with `set_option linter.unusedVariables false`
warning: AlgebraicJacobian/Picard/GradedHilbertSerre.lean:1017:16: unused variable `i`

Note: This linter can be disabled with `set_option linter.unusedVariables false`
warning: AlgebraicJacobian/Picard/GradedHilbertSerre.lean:1018:16: unused variable `i`

Note: This linter can be disabled with `set_option linter.unusedVariables false`
error: AlgebraicJacobian/Picard/GradedHilbertSerre.lean:1197:53: Unknown constant `AlgebraicGeometry.GradedModule.SubquotientDatum.hilb`
error: AlgebraicJacobian/Picard/GradedHilbertSerre.lean:1263:13: Unknown constant `AlgebraicGeometry.GradedModule.SubquotientDatum.hilb`
error: Lean exited with code 1
✖ [8323/8325] Building AlgebraicJacobian.Picard.SectionGradedRing (12s)
trace: .> LEAN_PATH=/AI4M/users/Axel/LeanAlgebraicGeometry/.lake-packages/batteries/.lake/build/lib/lean:/AI4M/users/Axel/LeanAlgebraicGeometry/.lake-packages/Qq/.lake/build/lib/lean:/AI4M/users/Axel/LeanAlgebraicGeometry/.lake-packages/aesop/.lake/build/lib/lean:/AI4M/users/Axel/LeanAlgebraicGeometry/.lake-packages/proofwidgets/.lake/build/lib/lean:/AI4M/users/Axel/LeanAlgebraicGeometry/.lake-packages/importGraph/.lake/build/lib/lean:/AI4M/users/Axel/LeanAlgebraicGeometry/.lake-packages/LeanSearchClient/.lake/build/lib/lean:/AI4M/users/Axel/LeanAlgebraicGeometry/.lake-packages/plausible/.lake/build/lib/lean:/AI4M/users/Axel/LeanAlgebraicGeometry/.lake-packages/MD4Lean/.lake/build/lib/lean:/AI4M/users/Axel/LeanAlgebraicGeometry/.lake-packages/BibtexQuery/.lake/build/lib/lean:/AI4M/users/Axel/LeanAlgebraicGeometry/.lake-packages/UnicodeBasic/.lake/build/lib/lean:/AI4M/users/Axel/LeanAlgebraicGeometry/.lake-packages/Cli/.lake/build/lib/lean:/AI4M/users/Axel/LeanAlgebraicGeometry/.lake-packages/leansqlite/.lake/build/lib/lean:/AI4M/users/Axel/LeanAlgebraicGeometry/.lake-packages/mathlib/.lake/build/lib/lean:/AI4M/users/Axel/LeanAlgebraicGeometry/.lake-packages/checkdecls/.lake/build/lib/lean:/AI4M/users/Axel/LeanAlgebraicGeometry/.lake-packages/doc-gen4/.lake/build/lib/lean:/AI4M/users/Axel/LeanAlgebraicGeometry/SubProjects/GR-quot_closure/.lake/build/lib/lean /AI4M/users/Axel/.elan/toolchains/leanprover--lean4---v4.30.0-rc2/bin/lean /AI4M/users/Axel/LeanAlgebraicGeometry/SubProjects/GR-quot_closure/AlgebraicJacobian/Picard/SectionGradedRing.lean -o /AI4M/users/Axel/LeanAlgebraicGeometry/SubProjects/GR-quot_closure/.lake/build/lib/lean/AlgebraicJacobian/Picard/SectionGradedRing.olean -i /AI4M/users/Axel/LeanAlgebraicGeometry/SubProjects/GR-quot_closure/.lake/build/lib/lean/AlgebraicJacobian/Picard/SectionGradedRing.ilean -c /AI4M/users/Axel/LeanAlgebraicGeometry/SubProjects/GR-quot_closure/.lake/build/ir/AlgebraicJacobian/Picard/SectionGradedRing.c --setup /AI4M/users/Axel/LeanAlgebraicGeometry/SubProjects/GR-quot_closure/.lake/build/ir/AlgebraicJacobian/Picard/SectionGradedRing.setup.json --json
error: AlgebraicJacobian/Picard/SectionGradedRing.lean:159:31: unexpected token '/--'; expected 'lemma'
error: AlgebraicJacobian/Picard/SectionGradedRing.lean:256:44: unexpected token '/-!'; expected 'lemma'
warning: AlgebraicJacobian/Picard/SectionGradedRing.lean:720:100: This line exceeds the 100 character limit, please shorten it!

Note: This linter can be disabled with `set_option linter.style.longLine false`
warning: AlgebraicJacobian/Picard/SectionGradedRing.lean:746:100: This line exceeds the 100 character limit, please shorten it!

Note: This linter can be disabled with `set_option linter.style.longLine false`
warning: AlgebraicJacobian/Picard/SectionGradedRing.lean:753:100: This line exceeds the 100 character limit, please shorten it!

Note: This linter can be disabled with `set_option linter.style.longLine false`
warning: AlgebraicJacobian/Picard/SectionGradedRing.lean:755:100: This line exceeds the 100 character limit, please shorten it!

Note: This linter can be disabled with `set_option linter.style.longLine false`
warning: AlgebraicJacobian/Picard/SectionGradedRing.lean:775:100: This line exceeds the 100 character limit, please shorten it!

Note: This linter can be disabled with `set_option linter.style.longLine false`
warning: AlgebraicJacobian/Picard/SectionGradedRing.lean:780:100: This line exceeds the 100 character limit, please shorten it!

Note: This linter can be disabled with `set_option linter.style.longLine false`
warning: AlgebraicJacobian/Picard/SectionGradedRing.lean:783:100: This line exceeds the 100 character limit, please shorten it!

Note: This linter can be disabled with `set_option linter.style.longLine false`
warning: AlgebraicJacobian/Picard/SectionGradedRing.lean:791:100: This line exceeds the 100 character limit, please shorten it!

Note: This linter can be disabled with `set_option linter.style.longLine false`
warning: AlgebraicJacobian/Picard/SectionGradedRing.lean:808:100: This line exceeds the 100 character limit, please shorten it!

Note: This linter can be disabled with `set_option linter.style.longLine false`
warning: AlgebraicJacobian/Picard/SectionGradedRing.lean:817:100: This line exceeds the 100 character limit, please shorten it!

Note: This linter can be disabled with `set_option linter.style.longLine false`
warning: AlgebraicJacobian/Picard/SectionGradedRing.lean:818:100: This line exceeds the 100 character limit, please shorten it!

Note: This linter can be disabled with `set_option linter.style.longLine false`
warning: AlgebraicJacobian/Picard/SectionGradedRing.lean:823:100: This line exceeds the 100 character limit, please shorten it!

Note: This linter can be disabled with `set_option linter.style.longLine false`
warning: AlgebraicJacobian/Picard/SectionGradedRing.lean:825:100: This line exceeds the 100 character limit, please shorten it!

Note: This linter can be disabled with `set_option linter.style.longLine false`
warning: AlgebraicJacobian/Picard/SectionGradedRing.lean:827:100: This line exceeds the 100 character limit, please shorten it!

Note: This linter can be disabled with `set_option linter.style.longLine false`
warning: AlgebraicJacobian/Picard/SectionGradedRing.lean:829:100: This line exceeds the 100 character limit, please shorten it!

Note: This linter can be disabled with `set_option linter.style.longLine false`
warning: AlgebraicJacobian/Picard/SectionGradedRing.lean:834:100: This line exceeds the 100 character limit, please shorten it!

Note: This linter can be disabled with `set_option linter.style.longLine false`
warning: AlgebraicJacobian/Picard/SectionGradedRing.lean:835:100: This line exceeds the 100 character limit, please shorten it!

Note: This linter can be disabled with `set_option linter.style.longLine false`
warning: AlgebraicJacobian/Picard/SectionGradedRing.lean:1168:0: Please, add a comment explaining the need for modifying the maxHeartbeat limit, as in
set_option maxHeartbeats 800000 in
-- reason for change
...

Note: This linter can be disabled with `set_option linter.style.maxHeartbeats false`
warning: AlgebraicJacobian/Picard/SectionGradedRing.lean:1257:2: The `show` tactic should only be used to indicate intermediate goal states for readability.
However, this tactic invocation changed the goal. Please use `change` instead for these purposes.

Note: This linter can be disabled with `set_option linter.style.show false`
warning: AlgebraicJacobian/Picard/SectionGradedRing.lean:1274:2: The `show` tactic should only be used to indicate intermediate goal states for readability.
However, this tactic invocation changed the goal. Please use `change` instead for these purposes.

Note: This linter can be disabled with `set_option linter.style.show false`
warning: AlgebraicJacobian/Picard/SectionGradedRing.lean:1388:100: This line exceeds the 100 character limit, please shorten it!

Note: This linter can be disabled with `set_option linter.style.longLine false`
warning: AlgebraicJacobian/Picard/SectionGradedRing.lean:1429:6: The `show` tactic should only be used to indicate intermediate goal states for readability.
However, this tactic invocation changed the goal. Please use `change` instead for these purposes.

Note: This linter can be disabled with `set_option linter.style.show false`
warning: AlgebraicJacobian/Picard/SectionGradedRing.lean:1433:6: The `show` tactic should only be used to indicate intermediate goal states for readability.
However, this tactic invocation changed the goal. Please use `change` instead for these purposes.

Note: This linter can be disabled with `set_option linter.style.show false`
warning: AlgebraicJacobian/Picard/SectionGradedRing.lean:1456:6: The `show` tactic should only be used to indicate intermediate goal states for readability.
However, this tactic invocation changed the goal. Please use `change` instead for these purposes.

Note: This linter can be disabled with `set_option linter.style.show false`
warning: AlgebraicJacobian/Picard/SectionGradedRing.lean:1520:100: This line exceeds the 100 character limit, please shorten it!

Note: This linter can be disabled with `set_option linter.style.longLine false`
warning: AlgebraicJacobian/Picard/SectionGradedRing.lean:1536:100: This line exceeds the 100 character limit, please shorten it!

Note: This linter can be disabled with `set_option linter.style.longLine false`
warning: AlgebraicJacobian/Picard/SectionGradedRing.lean:1568:100: This line exceeds the 100 character limit, please shorten it!

Note: This linter can be disabled with `set_option linter.style.longLine false`
warning: AlgebraicJacobian/Picard/SectionGradedRing.lean:1800:100: This line exceeds the 100 character limit, please shorten it!

Note: This linter can be disabled with `set_option linter.style.longLine false`
warning: AlgebraicJacobian/Picard/SectionGradedRing.lean:1829:18: declaration uses `sorry`
warning: AlgebraicJacobian/Picard/SectionGradedRing.lean:1835:14: declaration uses `sorry`
warning: AlgebraicJacobian/Picard/SectionGradedRing.lean:1842:6: declaration uses `sorry`
warning: AlgebraicJacobian/Picard/SectionGradedRing.lean:1849:14: declaration uses `sorry`
warning: AlgebraicJacobian/Picard/SectionGradedRing.lean:1854:14: declaration uses `sorry`
error: AlgebraicJacobian/Picard/SectionGradedRing.lean:1859:33: unexpected token '/--'; expected 'lemma'
error: AlgebraicJacobian/Picard/SectionGradedRing.lean:1863:33: unexpected token '/--'; expected 'lemma'
error: AlgebraicJacobian/Picard/SectionGradedRing.lean:1866:35: unexpected token '/--'; expected 'lemma'
warning: AlgebraicJacobian/Picard/SectionGradedRing.lean:1870:8: declaration uses `sorry`
error: Lean exited with code 1
Some required targets logged failures:
- AlgebraicJacobian.Picard.RelativeSpec
- AlgebraicJacobian.Picard.QuotScheme
- AlgebraicJacobian.Picard.GradedHilbertSerre
- AlgebraicJacobian.Picard.SectionGradedRing
error: build failed
